{"C:\\Users\\ADMIN\\OneDrive\\Desktop\\Capstone Project - Customizable Dashboard - Nuoa\\cookies200_backend\\src\\lambda-code\\QSaccess\\fetchUserRelatedInfo.js": {"path":"C:\\Users\\ADMIN\\OneDrive\\Desktop\\Capstone Project - Customizable Dashboard - Nuoa\\cookies200_backend\\src\\lambda-code\\QSaccess\\fetchUserRelatedInfo.js","statementMap":{"0":{"start":{"line":1,"column":12},"end":{"line":1,"column":35}},"1":{"start":{"line":2,"column":61},"end":{"line":2,"column":113}},"2":{"start":{"line":3,"column":69},"end":{"line":3,"column":106}},"3":{"start":{"line":5,"column":21},"end":{"line":5,"column":45}},"4":{"start":{"line":6,"column":18},"end":{"line":6,"column":49}},"5":{"start":{"line":7,"column":19},"end":{"line":7,"column":41}},"6":{"start":{"line":8,"column":19},"end":{"line":8,"column":41}},"7":{"start":{"line":10,"column":16},"end":{"line":10,"column":51}},"8":{"start":{"line":11,"column":19},"end":{"line":11,"column":41}},"9":{"start":{"line":18,"column":17},"end":{"line":26,"column":3}},"10":{"start":{"line":28,"column":2},"end":{"line":36,"column":3}},"11":{"start":{"line":29,"column":20},"end":{"line":29,"column":51}},"12":{"start":{"line":30,"column":21},"end":{"line":30,"column":48}},"13":{"start":{"line":31,"column":24},"end":{"line":31,"column":65}},"14":{"start":{"line":32,"column":4},"end":{"line":32,"column":23}},"15":{"start":{"line":34,"column":4},"end":{"line":34,"column":50}},"16":{"start":{"line":35,"column":4},"end":{"line":35,"column":45}},"17":{"start":{"line":46,"column":2},"end":{"line":56,"column":3}},"18":{"start":{"line":47,"column":25},"end":{"line":47,"column":48}},"19":{"start":{"line":48,"column":19},"end":{"line":48,"column":55}},"20":{"start":{"line":49,"column":4},"end":{"line":51,"column":5}},"21":{"start":{"line":50,"column":6},"end":{"line":50,"column":62}},"22":{"start":{"line":52,"column":4},"end":{"line":52,"column":21}},"23":{"start":{"line":54,"column":4},"end":{"line":54,"column":52}},"24":{"start":{"line":55,"column":4},"end":{"line":55,"column":37}},"25":{"start":{"line":60,"column":20},"end":{"line":60,"column":59}},"26":{"start":{"line":61,"column":2},"end":{"line":61,"column":40}},"27":{"start":{"line":63,"column":18},"end":{"line":63,"column":120}},"28":{"start":{"line":65,"column":22},"end":{"line":65,"column":46}},"29":{"start":{"line":67,"column":43},"end":{"line":71,"column":3}},"30":{"start":{"line":73,"column":41},"end":{"line":82,"column":3}},"31":{"start":{"line":84,"column":17},"end":{"line":89,"column":3}},"32":{"start":{"line":91,"column":2},"end":{"line":98,"column":3}},"33":{"start":{"line":92,"column":20},"end":{"line":92,"column":72}},"34":{"start":{"line":93,"column":21},"end":{"line":93,"column":51}},"35":{"start":{"line":94,"column":4},"end":{"line":94,"column":29}},"36":{"start":{"line":96,"column":4},"end":{"line":96,"column":61}},"37":{"start":{"line":97,"column":4},"end":{"line":97,"column":57}},"38":{"start":{"line":101,"column":0},"end":{"line":105,"column":2}}},"fnMap":{"0":{"name":"authUserToFetchAccessToken","decl":{"start":{"line":17,"column":15},"end":{"line":17,"column":41}},"loc":{"start":{"line":17,"column":62},"end":{"line":37,"column":1}},"line":17},"1":{"name":"getCognitoUserGroups","decl":{"start":{"line":45,"column":9},"end":{"line":45,"column":29}},"loc":{"start":{"line":45,"column":43},"end":{"line":57,"column":1}},"line":45},"2":{"name":"generateQuickSightURL","decl":{"start":{"line":59,"column":15},"end":{"line":59,"column":36}},"loc":{"start":{"line":59,"column":50},"end":{"line":99,"column":1}},"line":59}},"branchMap":{"0":{"loc":{"start":{"line":48,"column":19},"end":{"line":48,"column":55}},"type":"binary-expr","locations":[{"start":{"line":48,"column":19},"end":{"line":48,"column":49}},{"start":{"line":48,"column":53},"end":{"line":48,"column":55}}],"line":48},"1":{"loc":{"start":{"line":49,"column":4},"end":{"line":51,"column":5}},"type":"if","locations":[{"start":{"line":49,"column":4},"end":{"line":51,"column":5}},{"start":{},"end":{}}],"line":49},"2":{"loc":{"start":{"line":49,"column":8},"end":{"line":49,"column":38}},"type":"binary-expr","locations":[{"start":{"line":49,"column":8},"end":{"line":49,"column":15}},{"start":{"line":49,"column":19},"end":{"line":49,"column":38}}],"line":49}},"s":{"0":0,"1":0,"2":0,"3":0,"4":0,"5":0,"6":0,"7":0,"8":0,"9":0,"10":0,"11":0,"12":0,"13":0,"14":0,"15":0,"16":0,"17":0,"18":0,"19":0,"20":0,"21":0,"22":0,"23":0,"24":0,"25":0,"26":0,"27":0,"28":0,"29":0,"30":0,"31":0,"32":0,"33":0,"34":0,"35":0,"36":0,"37":0,"38":0},"f":{"0":0,"1":0,"2":0},"b":{"0":[0,0],"1":[0,0],"2":[0,0]},"inputSourceMap":null}
,"C:\\Users\\ADMIN\\OneDrive\\Desktop\\Capstone Project - Customizable Dashboard - Nuoa\\cookies200_backend\\src\\lambda-code\\QSaccess\\generateDashboardUrl.js": {"path":"C:\\Users\\ADMIN\\OneDrive\\Desktop\\Capstone Project - Customizable Dashboard - Nuoa\\cookies200_backend\\src\\lambda-code\\QSaccess\\generateDashboardUrl.js","statementMap":{"0":{"start":{"line":1,"column":60},"end":{"line":1,"column":93}},"1":{"start":{"line":3,"column":0},"end":{"line":33,"column":2}},"2":{"start":{"line":4,"column":2},"end":{"line":32,"column":3}},"3":{"start":{"line":5,"column":21},"end":{"line":5,"column":35}},"4":{"start":{"line":6,"column":21},"end":{"line":6,"column":35}},"5":{"start":{"line":9,"column":24},"end":{"line":9,"column":76}},"6":{"start":{"line":10,"column":4},"end":{"line":10,"column":47}},"7":{"start":{"line":13,"column":21},"end":{"line":13,"column":61}},"8":{"start":{"line":14,"column":4},"end":{"line":14,"column":54}},"9":{"start":{"line":16,"column":4},"end":{"line":22,"column":6}},"10":{"start":{"line":24,"column":4},"end":{"line":24,"column":55}},"11":{"start":{"line":26,"column":4},"end":{"line":31,"column":6}}},"fnMap":{"0":{"name":"(anonymous_0)","decl":{"start":{"line":3,"column":31},"end":{"line":3,"column":32}},"loc":{"start":{"line":3,"column":48},"end":{"line":33,"column":1}},"line":3}},"branchMap":{},"s":{"0":0,"1":0,"2":0,"3":0,"4":0,"5":0,"6":0,"7":0,"8":0,"9":0,"10":0,"11":0},"f":{"0":0},"b":{},"inputSourceMap":null}
,"C:\\Users\\ADMIN\\OneDrive\\Desktop\\Capstone Project - Customizable Dashboard - Nuoa\\cookies200_backend\\src\\lambda-code\\onboarding\\quicksightOnboarding.js": {"path":"C:\\Users\\ADMIN\\OneDrive\\Desktop\\Capstone Project - Customizable Dashboard - Nuoa\\cookies200_backend\\src\\lambda-code\\onboarding\\quicksightOnboarding.js","statementMap":{"0":{"start":{"line":1,"column":30},"end":{"line":1,"column":66}},"1":{"start":{"line":2,"column":25},"end":{"line":2,"column":58}},"2":{"start":{"line":4,"column":0},"end":{"line":13,"column":2}},"3":{"start":{"line":5,"column":19},"end":{"line":5,"column":59}},"4":{"start":{"line":6,"column":18},"end":{"line":6,"column":41}},"5":{"start":{"line":7,"column":4},"end":{"line":7,"column":36}},"6":{"start":{"line":9,"column":26},"end":{"line":9,"column":52}},"7":{"start":{"line":12,"column":4},"end":{"line":12,"column":58}}},"fnMap":{"0":{"name":"(anonymous_0)","decl":{"start":{"line":4,"column":31},"end":{"line":4,"column":32}},"loc":{"start":{"line":4,"column":48},"end":{"line":13,"column":1}},"line":4}},"branchMap":{},"s":{"0":0,"1":0,"2":0,"3":0,"4":0,"5":0,"6":0,"7":0},"f":{"0":0},"b":{},"inputSourceMap":null}
,"C:\\Users\\ADMIN\\OneDrive\\Desktop\\Capstone Project - Customizable Dashboard - Nuoa\\cookies200_backend\\src\\lambda-code\\onboarding\\helpers\\createDashboard.js": {"path":"C:\\Users\\ADMIN\\OneDrive\\Desktop\\Capstone Project - Customizable Dashboard - Nuoa\\cookies200_backend\\src\\lambda-code\\onboarding\\helpers\\createDashboard.js","statementMap":{"0":{"start":{"line":7,"column":4},"end":{"line":7,"column":41}},"1":{"start":{"line":9,"column":37},"end":{"line":9,"column":64}},"2":{"start":{"line":11,"column":15},"end":{"line":11,"column":33}},"3":{"start":{"line":12,"column":21},"end":{"line":12,"column":43}},"4":{"start":{"line":13,"column":18},"end":{"line":13,"column":37}},"5":{"start":{"line":14,"column":16},"end":{"line":14,"column":47}},"6":{"start":{"line":16,"column":24},"end":{"line":16,"column":85}},"7":{"start":{"line":17,"column":23},"end":{"line":17,"column":83}},"8":{"start":{"line":18,"column":23},"end":{"line":18,"column":82}},"9":{"start":{"line":19,"column":24},"end":{"line":19,"column":85}},"10":{"start":{"line":20,"column":21},"end":{"line":20,"column":74}},"11":{"start":{"line":23,"column":4},"end":{"line":23,"column":55}},"12":{"start":{"line":25,"column":24},"end":{"line":25,"column":45}},"13":{"start":{"line":26,"column":26},"end":{"line":26,"column":49}},"14":{"start":{"line":28,"column":23},"end":{"line":28,"column":43}},"15":{"start":{"line":29,"column":25},"end":{"line":29,"column":47}},"16":{"start":{"line":32,"column":25},"end":{"line":32,"column":43}},"17":{"start":{"line":33,"column":29},"end":{"line":33,"column":47}},"18":{"start":{"line":36,"column":34},"end":{"line":40,"column":5}},"19":{"start":{"line":44,"column":38},"end":{"line":61,"column":5}},"20":{"start":{"line":65,"column":33},"end":{"line":81,"column":5}},"21":{"start":{"line":84,"column":33},"end":{"line":113,"column":5}},"22":{"start":{"line":116,"column":34},"end":{"line":159,"column":5}},"23":{"start":{"line":162,"column":31},"end":{"line":170,"column":5}},"24":{"start":{"line":172,"column":4},"end":{"line":181,"column":5}},"25":{"start":{"line":173,"column":8},"end":{"line":173,"column":53}},"26":{"start":{"line":174,"column":8},"end":{"line":174,"column":51}},"27":{"start":{"line":175,"column":8},"end":{"line":175,"column":51}},"28":{"start":{"line":176,"column":8},"end":{"line":176,"column":53}},"29":{"start":{"line":177,"column":8},"end":{"line":177,"column":47}},"30":{"start":{"line":180,"column":8},"end":{"line":180,"column":67}},"31":{"start":{"line":183,"column":0},"end":{"line":183,"column":39}}},"fnMap":{"0":{"name":"createQSDashboard","decl":{"start":{"line":22,"column":15},"end":{"line":22,"column":32}},"loc":{"start":{"line":22,"column":63},"end":{"line":182,"column":1}},"line":22}},"branchMap":{},"s":{"0":0,"1":0,"2":0,"3":0,"4":0,"5":0,"6":0,"7":0,"8":0,"9":0,"10":0,"11":0,"12":0,"13":0,"14":0,"15":0,"16":0,"17":0,"18":0,"19":0,"20":0,"21":0,"22":0,"23":0,"24":0,"25":0,"26":0,"27":0,"28":0,"29":0,"30":0,"31":0},"f":{"0":0},"b":{},"inputSourceMap":null}
,"C:\\Users\\ADMIN\\OneDrive\\Desktop\\Capstone Project - Customizable Dashboard - Nuoa\\cookies200_backend\\src\\lambda-code\\onboarding\\helpers\\createResource.js": {"path":"C:\\Users\\ADMIN\\OneDrive\\Desktop\\Capstone Project - Customizable Dashboard - Nuoa\\cookies200_backend\\src\\lambda-code\\onboarding\\helpers\\createResource.js","statementMap":{"0":{"start":{"line":7,"column":4},"end":{"line":7,"column":41}},"1":{"start":{"line":9,"column":15},"end":{"line":9,"column":33}},"2":{"start":{"line":11,"column":25},"end":{"line":11,"column":65}},"3":{"start":{"line":14,"column":4},"end":{"line":59,"column":6}},"4":{"start":{"line":15,"column":22},"end":{"line":15,"column":66}},"5":{"start":{"line":17,"column":6},"end":{"line":58,"column":7}},"6":{"start":{"line":18,"column":25},"end":{"line":18,"column":61}},"7":{"start":{"line":20,"column":8},"end":{"line":47,"column":9}},"8":{"start":{"line":22,"column":33},"end":{"line":24,"column":11}},"9":{"start":{"line":26,"column":10},"end":{"line":41,"column":11}},"10":{"start":{"line":28,"column":14},"end":{"line":28,"column":68}},"11":{"start":{"line":29,"column":14},"end":{"line":29,"column":20}},"12":{"start":{"line":31,"column":14},"end":{"line":31,"column":70}},"13":{"start":{"line":32,"column":14},"end":{"line":32,"column":20}},"14":{"start":{"line":34,"column":14},"end":{"line":34,"column":66}},"15":{"start":{"line":35,"column":14},"end":{"line":35,"column":20}},"16":{"start":{"line":37,"column":14},"end":{"line":37,"column":68}},"17":{"start":{"line":38,"column":14},"end":{"line":38,"column":20}},"18":{"start":{"line":40,"column":14},"end":{"line":40,"column":20}},"19":{"start":{"line":42,"column":10},"end":{"line":46,"column":12}},"20":{"start":{"line":49,"column":8},"end":{"line":49,"column":99}},"21":{"start":{"line":50,"column":8},"end":{"line":50,"column":24}},"22":{"start":{"line":52,"column":8},"end":{"line":57,"column":9}},"23":{"start":{"line":53,"column":10},"end":{"line":53,"column":71}},"24":{"start":{"line":55,"column":10},"end":{"line":55,"column":67}},"25":{"start":{"line":56,"column":10},"end":{"line":56,"column":22}},"26":{"start":{"line":61,"column":0},"end":{"line":61,"column":46}},"27":{"start":{"line":70,"column":18},"end":{"line":70,"column":19}},"28":{"start":{"line":71,"column":4},"end":{"line":107,"column":5}},"29":{"start":{"line":75,"column":8},"end":{"line":94,"column":9}},"30":{"start":{"line":77,"column":16},"end":{"line":77,"column":63}},"31":{"start":{"line":78,"column":16},"end":{"line":78,"column":56}},"32":{"start":{"line":79,"column":16},"end":{"line":79,"column":22}},"33":{"start":{"line":81,"column":16},"end":{"line":81,"column":63}},"34":{"start":{"line":82,"column":16},"end":{"line":82,"column":56}},"35":{"start":{"line":83,"column":16},"end":{"line":83,"column":22}},"36":{"start":{"line":85,"column":16},"end":{"line":85,"column":62}},"37":{"start":{"line":86,"column":16},"end":{"line":86,"column":55}},"38":{"start":{"line":87,"column":16},"end":{"line":87,"column":22}},"39":{"start":{"line":89,"column":16},"end":{"line":89,"column":62}},"40":{"start":{"line":90,"column":16},"end":{"line":90,"column":47}},"41":{"start":{"line":91,"column":16},"end":{"line":91,"column":22}},"42":{"start":{"line":93,"column":16},"end":{"line":93,"column":78}},"43":{"start":{"line":96,"column":25},"end":{"line":96,"column":61}},"44":{"start":{"line":97,"column":23},"end":{"line":97,"column":85}},"45":{"start":{"line":97,"column":66},"end":{"line":97,"column":74}},"46":{"start":{"line":99,"column":8},"end":{"line":103,"column":9}},"47":{"start":{"line":100,"column":12},"end":{"line":100,"column":28}},"48":{"start":{"line":101,"column":15},"end":{"line":103,"column":9}},"49":{"start":{"line":102,"column":12},"end":{"line":102,"column":71}},"50":{"start":{"line":105,"column":8},"end":{"line":105,"column":18}},"51":{"start":{"line":106,"column":8},"end":{"line":106,"column":72}},"52":{"start":{"line":106,"column":39},"end":{"line":106,"column":70}},"53":{"start":{"line":109,"column":4},"end":{"line":109,"column":71}}},"fnMap":{"0":{"name":"createQuickSightResource","decl":{"start":{"line":13,"column":9},"end":{"line":13,"column":33}},"loc":{"start":{"line":13,"column":74},"end":{"line":60,"column":3}},"line":13},"1":{"name":"(anonymous_1)","decl":{"start":{"line":14,"column":11},"end":{"line":14,"column":12}},"loc":{"start":{"line":14,"column":43},"end":{"line":59,"column":5}},"line":14},"2":{"name":"waitForQuickSightOperation","decl":{"start":{"line":63,"column":15},"end":{"line":63,"column":41}},"loc":{"start":{"line":69,"column":2},"end":{"line":110,"column":1}},"line":69},"3":{"name":"(anonymous_3)","decl":{"start":{"line":97,"column":52},"end":{"line":97,"column":53}},"loc":{"start":{"line":97,"column":66},"end":{"line":97,"column":74}},"line":97},"4":{"name":"(anonymous_4)","decl":{"start":{"line":106,"column":26},"end":{"line":106,"column":27}},"loc":{"start":{"line":106,"column":39},"end":{"line":106,"column":70}},"line":106}},"branchMap":{"0":{"loc":{"start":{"line":20,"column":8},"end":{"line":47,"column":9}},"type":"if","locations":[{"start":{"line":20,"column":8},"end":{"line":47,"column":9}},{"start":{},"end":{}}],"line":20},"1":{"loc":{"start":{"line":26,"column":10},"end":{"line":41,"column":11}},"type":"switch","locations":[{"start":{"line":27,"column":12},"end":{"line":29,"column":20}},{"start":{"line":30,"column":12},"end":{"line":32,"column":20}},{"start":{"line":33,"column":12},"end":{"line":35,"column":20}},{"start":{"line":36,"column":12},"end":{"line":38,"column":20}},{"start":{"line":39,"column":12},"end":{"line":40,"column":20}}],"line":26},"2":{"loc":{"start":{"line":49,"column":39},"end":{"line":49,"column":87}},"type":"binary-expr","locations":[{"start":{"line":49,"column":39},"end":{"line":49,"column":58}},{"start":{"line":49,"column":62},"end":{"line":49,"column":87}}],"line":49},"3":{"loc":{"start":{"line":52,"column":8},"end":{"line":57,"column":9}},"type":"if","locations":[{"start":{"line":52,"column":8},"end":{"line":57,"column":9}},{"start":{"line":54,"column":15},"end":{"line":57,"column":9}}],"line":52},"4":{"loc":{"start":{"line":52,"column":12},"end":{"line":52,"column":90}},"type":"binary-expr","locations":[{"start":{"line":52,"column":12},"end":{"line":52,"column":52}},{"start":{"line":52,"column":56},"end":{"line":52,"column":90}}],"line":52},"5":{"loc":{"start":{"line":67,"column":4},"end":{"line":67,"column":21}},"type":"default-arg","locations":[{"start":{"line":67,"column":17},"end":{"line":67,"column":21}}],"line":67},"6":{"loc":{"start":{"line":68,"column":4},"end":{"line":68,"column":19}},"type":"default-arg","locations":[{"start":{"line":68,"column":17},"end":{"line":68,"column":19}}],"line":68},"7":{"loc":{"start":{"line":75,"column":8},"end":{"line":94,"column":9}},"type":"switch","locations":[{"start":{"line":76,"column":12},"end":{"line":79,"column":22}},{"start":{"line":80,"column":12},"end":{"line":83,"column":22}},{"start":{"line":84,"column":12},"end":{"line":87,"column":22}},{"start":{"line":88,"column":12},"end":{"line":91,"column":22}},{"start":{"line":92,"column":12},"end":{"line":93,"column":78}}],"line":75},"8":{"loc":{"start":{"line":99,"column":8},"end":{"line":103,"column":9}},"type":"if","locations":[{"start":{"line":99,"column":8},"end":{"line":103,"column":9}},{"start":{"line":101,"column":15},"end":{"line":103,"column":9}}],"line":99},"9":{"loc":{"start":{"line":101,"column":15},"end":{"line":103,"column":9}},"type":"if","locations":[{"start":{"line":101,"column":15},"end":{"line":103,"column":9}},{"start":{},"end":{}}],"line":101},"10":{"loc":{"start":{"line":101,"column":19},"end":{"line":101,"column":82}},"type":"binary-expr","locations":[{"start":{"line":101,"column":19},"end":{"line":101,"column":44}},{"start":{"line":101,"column":48},"end":{"line":101,"column":82}}],"line":101}},"s":{"0":0,"1":0,"2":0,"3":0,"4":0,"5":0,"6":0,"7":0,"8":0,"9":0,"10":0,"11":0,"12":0,"13":0,"14":0,"15":0,"16":0,"17":0,"18":0,"19":0,"20":0,"21":0,"22":0,"23":0,"24":0,"25":0,"26":0,"27":0,"28":0,"29":0,"30":0,"31":0,"32":0,"33":0,"34":0,"35":0,"36":0,"37":0,"38":0,"39":0,"40":0,"41":0,"42":0,"43":0,"44":0,"45":0,"46":0,"47":0,"48":0,"49":0,"50":0,"51":0,"52":0,"53":0},"f":{"0":0,"1":0,"2":0,"3":0,"4":0},"b":{"0":[0,0],"1":[0,0,0,0,0],"2":[0,0],"3":[0,0],"4":[0,0],"5":[0],"6":[0],"7":[0,0,0,0,0],"8":[0,0],"9":[0,0],"10":[0,0]},"inputSourceMap":null}
,"C:\\Users\\ADMIN\\OneDrive\\Desktop\\Capstone Project - Customizable Dashboard - Nuoa\\cookies200_backend\\src\\lambda-code\\onboarding\\helpers\\createTenant.js": {"path":"C:\\Users\\ADMIN\\OneDrive\\Desktop\\Capstone Project - Customizable Dashboard - Nuoa\\cookies200_backend\\src\\lambda-code\\onboarding\\helpers\\createTenant.js","statementMap":{"0":{"start":{"line":1,"column":80},"end":{"line":1,"column":111}},"1":{"start":{"line":2,"column":92},"end":{"line":2,"column":136}},"2":{"start":{"line":4,"column":15},"end":{"line":11,"column":2}},"3":{"start":{"line":4,"column":22},"end":{"line":11,"column":1}},"4":{"start":{"line":13,"column":18},"end":{"line":13,"column":60}},"5":{"start":{"line":14,"column":30},"end":{"line":14,"column":83}},"6":{"start":{"line":17,"column":26},"end":{"line":17,"column":60}},"7":{"start":{"line":18,"column":4},"end":{"line":18,"column":53}},"8":{"start":{"line":19,"column":4},"end":{"line":19,"column":55}},"9":{"start":{"line":20,"column":4},"end":{"line":20,"column":25}},"10":{"start":{"line":25,"column":27},"end":{"line":25,"column":52}},"11":{"start":{"line":27,"column":37},"end":{"line":43,"column":5}},"12":{"start":{"line":46,"column":27},"end":{"line":46,"column":52}},"13":{"start":{"line":47,"column":27},"end":{"line":62,"column":5}},"14":{"start":{"line":64,"column":4},"end":{"line":94,"column":5}},"15":{"start":{"line":65,"column":35},"end":{"line":69,"column":10}},"16":{"start":{"line":70,"column":35},"end":{"line":70,"column":75}},"17":{"start":{"line":71,"column":24},"end":{"line":71,"column":51}},"18":{"start":{"line":73,"column":8},"end":{"line":73,"column":48}},"19":{"start":{"line":76,"column":37},"end":{"line":80,"column":10}},"20":{"start":{"line":81,"column":8},"end":{"line":81,"column":51}},"21":{"start":{"line":83,"column":8},"end":{"line":83,"column":101}},"22":{"start":{"line":84,"column":8},"end":{"line":84,"column":50}},"23":{"start":{"line":85,"column":8},"end":{"line":85,"column":23}},"24":{"start":{"line":87,"column":8},"end":{"line":93,"column":9}},"25":{"start":{"line":88,"column":12},"end":{"line":88,"column":50}},"26":{"start":{"line":89,"column":12},"end":{"line":89,"column":88}},"27":{"start":{"line":91,"column":12},"end":{"line":91,"column":64}},"28":{"start":{"line":92,"column":12},"end":{"line":92,"column":24}},"29":{"start":{"line":100,"column":45},"end":{"line":102,"column":6}},"30":{"start":{"line":103,"column":33},"end":{"line":103,"column":99}},"31":{"start":{"line":104,"column":33},"end":{"line":104,"column":72}},"32":{"start":{"line":107,"column":30},"end":{"line":107,"column":128}},"33":{"start":{"line":108,"column":26},"end":{"line":108,"column":98}},"34":{"start":{"line":111,"column":21},"end":{"line":116,"column":3}},"35":{"start":{"line":112,"column":4},"end":{"line":115,"column":34}},"36":{"start":{"line":118,"column":2},"end":{"line":121,"column":3}},"37":{"start":{"line":119,"column":4},"end":{"line":119,"column":59}},"38":{"start":{"line":120,"column":4},"end":{"line":120,"column":11}},"39":{"start":{"line":124,"column":4},"end":{"line":129,"column":7}},"40":{"start":{"line":132,"column":4},"end":{"line":138,"column":6}},"41":{"start":{"line":141,"column":19},"end":{"line":147,"column":5}},"42":{"start":{"line":149,"column":4},"end":{"line":167,"column":5}},"43":{"start":{"line":150,"column":24},"end":{"line":150,"column":63}},"44":{"start":{"line":151,"column":25},"end":{"line":151,"column":66}},"45":{"start":{"line":152,"column":8},"end":{"line":152,"column":78}},"46":{"start":{"line":154,"column":8},"end":{"line":166,"column":9}},"47":{"start":{"line":155,"column":12},"end":{"line":155,"column":64}},"48":{"start":{"line":156,"column":12},"end":{"line":156,"column":24}},"49":{"start":{"line":157,"column":15},"end":{"line":166,"column":9}},"50":{"start":{"line":158,"column":12},"end":{"line":158,"column":77}},"51":{"start":{"line":159,"column":12},"end":{"line":159,"column":24}},"52":{"start":{"line":160,"column":15},"end":{"line":166,"column":9}},"53":{"start":{"line":161,"column":12},"end":{"line":161,"column":83}},"54":{"start":{"line":162,"column":12},"end":{"line":162,"column":24}},"55":{"start":{"line":164,"column":12},"end":{"line":164,"column":54}},"56":{"start":{"line":165,"column":12},"end":{"line":165,"column":24}},"57":{"start":{"line":171,"column":18},"end":{"line":171,"column":19}},"58":{"start":{"line":172,"column":4},"end":{"line":188,"column":5}},"59":{"start":{"line":173,"column":8},"end":{"line":187,"column":9}},"60":{"start":{"line":174,"column":28},"end":{"line":174,"column":70}},"61":{"start":{"line":175,"column":12},"end":{"line":175,"column":42}},"62":{"start":{"line":176,"column":12},"end":{"line":176,"column":19}},"63":{"start":{"line":178,"column":12},"end":{"line":186,"column":13}},"64":{"start":{"line":179,"column":16},"end":{"line":179,"column":26}},"65":{"start":{"line":180,"column":16},"end":{"line":180,"column":78}},"66":{"start":{"line":180,"column":45},"end":{"line":180,"column":76}},"67":{"start":{"line":181,"column":19},"end":{"line":186,"column":13}},"68":{"start":{"line":182,"column":16},"end":{"line":182,"column":51}},"69":{"start":{"line":183,"column":16},"end":{"line":183,"column":23}},"70":{"start":{"line":185,"column":16},"end":{"line":185,"column":28}},"71":{"start":{"line":189,"column":4},"end":{"line":189,"column":75}},"72":{"start":{"line":192,"column":0},"end":{"line":192,"column":34}}},"fnMap":{"0":{"name":"(anonymous_0)","decl":{"start":{"line":4,"column":15},"end":{"line":4,"column":16}},"loc":{"start":{"line":4,"column":22},"end":{"line":11,"column":1}},"line":4},"1":{"name":"createTenant","decl":{"start":{"line":16,"column":15},"end":{"line":16,"column":27}},"loc":{"start":{"line":16,"column":40},"end":{"line":21,"column":1}},"line":16},"2":{"name":"createTenantRole","decl":{"start":{"line":24,"column":15},"end":{"line":24,"column":31}},"loc":{"start":{"line":24,"column":44},"end":{"line":95,"column":1}},"line":24},"3":{"name":"createRoleMapping","decl":{"start":{"line":98,"column":15},"end":{"line":98,"column":32}},"loc":{"start":{"line":98,"column":60},"end":{"line":168,"column":1}},"line":98},"4":{"name":"(anonymous_4)","decl":{"start":{"line":111,"column":40},"end":{"line":111,"column":41}},"loc":{"start":{"line":112,"column":4},"end":{"line":115,"column":34}},"line":112},"5":{"name":"waitForRoleCreation","decl":{"start":{"line":170,"column":15},"end":{"line":170,"column":34}},"loc":{"start":{"line":170,"column":81},"end":{"line":190,"column":1}},"line":170},"6":{"name":"(anonymous_6)","decl":{"start":{"line":180,"column":34},"end":{"line":180,"column":35}},"loc":{"start":{"line":180,"column":45},"end":{"line":180,"column":76}},"line":180}},"branchMap":{"0":{"loc":{"start":{"line":87,"column":8},"end":{"line":93,"column":9}},"type":"if","locations":[{"start":{"line":87,"column":8},"end":{"line":93,"column":9}},{"start":{"line":90,"column":15},"end":{"line":93,"column":9}}],"line":87},"1":{"loc":{"start":{"line":104,"column":33},"end":{"line":104,"column":72}},"type":"binary-expr","locations":[{"start":{"line":104,"column":33},"end":{"line":104,"column":66}},{"start":{"line":104,"column":70},"end":{"line":104,"column":72}}],"line":104},"2":{"loc":{"start":{"line":108,"column":26},"end":{"line":108,"column":98}},"type":"binary-expr","locations":[{"start":{"line":108,"column":26},"end":{"line":108,"column":92}},{"start":{"line":108,"column":96},"end":{"line":108,"column":98}}],"line":108},"3":{"loc":{"start":{"line":112,"column":4},"end":{"line":115,"column":34}},"type":"binary-expr","locations":[{"start":{"line":112,"column":4},"end":{"line":112,"column":35}},{"start":{"line":113,"column":4},"end":{"line":113,"column":31}},{"start":{"line":114,"column":4},"end":{"line":114,"column":29}},{"start":{"line":115,"column":4},"end":{"line":115,"column":34}}],"line":112},"4":{"loc":{"start":{"line":118,"column":2},"end":{"line":121,"column":3}},"type":"if","locations":[{"start":{"line":118,"column":2},"end":{"line":121,"column":3}},{"start":{},"end":{}}],"line":118},"5":{"loc":{"start":{"line":154,"column":8},"end":{"line":166,"column":9}},"type":"if","locations":[{"start":{"line":154,"column":8},"end":{"line":166,"column":9}},{"start":{"line":157,"column":15},"end":{"line":166,"column":9}}],"line":154},"6":{"loc":{"start":{"line":157,"column":15},"end":{"line":166,"column":9}},"type":"if","locations":[{"start":{"line":157,"column":15},"end":{"line":166,"column":9}},{"start":{"line":160,"column":15},"end":{"line":166,"column":9}}],"line":157},"7":{"loc":{"start":{"line":160,"column":15},"end":{"line":166,"column":9}},"type":"if","locations":[{"start":{"line":160,"column":15},"end":{"line":166,"column":9}},{"start":{"line":163,"column":15},"end":{"line":166,"column":9}}],"line":160},"8":{"loc":{"start":{"line":170,"column":45},"end":{"line":170,"column":62}},"type":"default-arg","locations":[{"start":{"line":170,"column":58},"end":{"line":170,"column":62}}],"line":170},"9":{"loc":{"start":{"line":170,"column":64},"end":{"line":170,"column":79}},"type":"default-arg","locations":[{"start":{"line":170,"column":77},"end":{"line":170,"column":79}}],"line":170},"10":{"loc":{"start":{"line":178,"column":12},"end":{"line":186,"column":13}},"type":"if","locations":[{"start":{"line":178,"column":12},"end":{"line":186,"column":13}},{"start":{"line":181,"column":19},"end":{"line":186,"column":13}}],"line":178},"11":{"loc":{"start":{"line":181,"column":19},"end":{"line":186,"column":13}},"type":"if","locations":[{"start":{"line":181,"column":19},"end":{"line":186,"column":13}},{"start":{"line":184,"column":19},"end":{"line":186,"column":13}}],"line":181}},"s":{"0":1,"1":1,"2":1,"3":6,"4":1,"5":1,"6":1,"7":1,"8":1,"9":0,"10":1,"11":1,"12":1,"13":1,"14":1,"15":1,"16":1,"17":1,"18":1,"19":1,"20":1,"21":1,"22":1,"23":1,"24":0,"25":0,"26":0,"27":0,"28":0,"29":1,"30":1,"31":1,"32":0,"33":0,"34":0,"35":0,"36":0,"37":0,"38":0,"39":0,"40":0,"41":0,"42":0,"43":0,"44":0,"45":0,"46":0,"47":0,"48":0,"49":0,"50":0,"51":0,"52":0,"53":0,"54":0,"55":0,"56":0,"57":1,"58":1,"59":1,"60":1,"61":1,"62":1,"63":0,"64":0,"65":0,"66":0,"67":0,"68":0,"69":0,"70":0,"71":0,"72":1},"f":{"0":6,"1":1,"2":1,"3":1,"4":0,"5":1,"6":0},"b":{"0":[0,0],"1":[1,0],"2":[0,0],"3":[0,0,0,0],"4":[0,0],"5":[0,0],"6":[0,0],"7":[0,0],"8":[1],"9":[1],"10":[0,0],"11":[0,0]},"inputSourceMap":null,"_coverageSchema":"1a1c01bbd47fc00a2c39e90264f33305004495a9","hash":"4c9ccc36c16857c123dacc904c468b1c1350ebfc"}
,"C:\\Users\\ADMIN\\OneDrive\\Desktop\\Capstone Project - Customizable Dashboard - Nuoa\\cookies200_backend\\src\\lib\\auth_stack.ts": {"path":"C:\\Users\\ADMIN\\OneDrive\\Desktop\\Capstone Project - Customizable Dashboard - Nuoa\\cookies200_backend\\src\\lib\\auth_stack.ts","statementMap":{"0":{"start":{"line":1,"column":0},"end":{"line":1,"column":null}},"1":{"start":{"line":8,"column":0},"end":{"line":8,"column":69}},"2":{"start":{"line":18,"column":4},"end":{"line":18,"column":28}},"3":{"start":{"line":21,"column":23},"end":{"line":28,"column":6}},"4":{"start":{"line":31,"column":4},"end":{"line":37,"column":6}},"5":{"start":{"line":40,"column":37},"end":{"line":55,"column":null}},"6":{"start":{"line":59,"column":16},"end":{"line":62,"column":6}},"7":{"start":{"line":64,"column":23},"end":{"line":69,"column":null}},"8":{"start":{"line":73,"column":30},"end":{"line":77,"column":null}},"9":{"start":{"line":81,"column":26},"end":{"line":81,"column":55}},"10":{"start":{"line":82,"column":4},"end":{"line":84,"column":7}},"11":{"start":{"line":87,"column":4},"end":{"line":91,"column":7}},"12":{"start":{"line":10,"column":0},"end":{"line":10,"column":13}}},"fnMap":{"0":{"name":"(anonymous_0)","decl":{"start":{"line":11,"column":2},"end":{"line":11,"column":null}},"loc":{"start":{"line":16,"column":22},"end":{"line":92,"column":3}}}},"branchMap":{},"s":{"0":0,"1":0,"2":0,"3":0,"4":0,"5":0,"6":0,"7":0,"8":0,"9":0,"10":0,"11":0,"12":0},"f":{"0":0},"b":{}}
,"C:\\Users\\ADMIN\\OneDrive\\Desktop\\Capstone Project - Customizable Dashboard - Nuoa\\cookies200_backend\\src\\lib\\cognito_stack.ts": {"path":"C:\\Users\\ADMIN\\OneDrive\\Desktop\\Capstone Project - Customizable Dashboard - Nuoa\\cookies200_backend\\src\\lib\\cognito_stack.ts","statementMap":{"0":{"start":{"line":1,"column":0},"end":{"line":1,"column":null}},"1":{"start":{"line":6,"column":0},"end":{"line":6,"column":59}},"2":{"start":{"line":15,"column":4},"end":{"line":15,"column":28}},"3":{"start":{"line":18,"column":21},"end":{"line":39,"column":6}},"4":{"start":{"line":42,"column":4},"end":{"line":46,"column":7}},"5":{"start":{"line":48,"column":27},"end":{"line":69,"column":6}},"6":{"start":{"line":73,"column":24},"end":{"line":73,"column":97}},"7":{"start":{"line":75,"column":25},"end":{"line":78,"column":6}},"8":{"start":{"line":81,"column":25},"end":{"line":92,"column":null}},"9":{"start":{"line":96,"column":4},"end":{"line":99,"column":7}},"10":{"start":{"line":102,"column":25},"end":{"line":115,"column":6}},"11":{"start":{"line":118,"column":4},"end":{"line":128,"column":6}},"12":{"start":{"line":131,"column":4},"end":{"line":137,"column":6}},"13":{"start":{"line":139,"column":4},"end":{"line":139,"column":29}},"14":{"start":{"line":140,"column":4},"end":{"line":140,"column":60}},"15":{"start":{"line":141,"column":4},"end":{"line":141,"column":48}},"16":{"start":{"line":142,"column":4},"end":{"line":142,"column":43}},"17":{"start":{"line":8,"column":0},"end":{"line":8,"column":13}}},"fnMap":{"0":{"name":"(anonymous_0)","decl":{"start":{"line":14,"column":2},"end":{"line":14,"column":14}},"loc":{"start":{"line":14,"column":62},"end":{"line":143,"column":3}}}},"branchMap":{},"s":{"0":1,"1":1,"2":1,"3":1,"4":1,"5":1,"6":1,"7":1,"8":1,"9":1,"10":1,"11":1,"12":1,"13":1,"14":1,"15":1,"16":1,"17":1},"f":{"0":1},"b":{}}
,"C:\\Users\\ADMIN\\OneDrive\\Desktop\\Capstone Project - Customizable Dashboard - Nuoa\\cookies200_backend\\src\\lib\\onboarding_stack.ts": {"path":"C:\\Users\\ADMIN\\OneDrive\\Desktop\\Capstone Project - Customizable Dashboard - Nuoa\\cookies200_backend\\src\\lib\\onboarding_stack.ts","statementMap":{"0":{"start":{"line":1,"column":0},"end":{"line":1,"column":null}},"1":{"start":{"line":9,"column":0},"end":{"line":9,"column":58}},"2":{"start":{"line":21,"column":8},"end":{"line":21,"column":32}},"3":{"start":{"line":24,"column":27},"end":{"line":29,"column":10}},"4":{"start":{"line":31,"column":8},"end":{"line":35,"column":10}},"5":{"start":{"line":38,"column":8},"end":{"line":57,"column":10}},"6":{"start":{"line":59,"column":8},"end":{"line":67,"column":10}},"7":{"start":{"line":69,"column":8},"end":{"line":87,"column":10}},"8":{"start":{"line":90,"column":8},"end":{"line":100,"column":10}},"9":{"start":{"line":102,"column":8},"end":{"line":111,"column":10}},"10":{"start":{"line":113,"column":8},"end":{"line":124,"column":10}},"11":{"start":{"line":126,"column":37},"end":{"line":142,"column":10}},"12":{"start":{"line":144,"column":22},"end":{"line":144,"column":62}},"13":{"start":{"line":146,"column":26},"end":{"line":148,"column":10}},"14":{"start":{"line":150,"column":8},"end":{"line":158,"column":11}},"15":{"start":{"line":11,"column":0},"end":{"line":11,"column":13}}},"fnMap":{"0":{"name":"(anonymous_0)","decl":{"start":{"line":13,"column":4},"end":{"line":13,"column":16}},"loc":{"start":{"line":19,"column":26},"end":{"line":159,"column":5}}}},"branchMap":{},"s":{"0":1,"1":1,"2":1,"3":1,"4":1,"5":1,"6":1,"7":1,"8":1,"9":1,"10":1,"11":1,"12":1,"13":1,"14":1,"15":1},"f":{"0":1},"b":{}}
}
