{"C:\\Users\\ADMIN\\OneDrive\\Desktop\\Capstone Project - Customizable Dashboard - Nuoa\\cookies200_backend\\src\\lambda-code\\QSaccess\\fetchUserRelatedInfo.js": {"path":"C:\\Users\\ADMIN\\OneDrive\\Desktop\\Capstone Project - Customizable Dashboard - Nuoa\\cookies200_backend\\src\\lambda-code\\QSaccess\\fetchUserRelatedInfo.js","statementMap":{"0":{"start":{"line":1,"column":12},"end":{"line":1,"column":35}},"1":{"start":{"line":2,"column":61},"end":{"line":2,"column":113}},"2":{"start":{"line":3,"column":69},"end":{"line":3,"column":106}},"3":{"start":{"line":5,"column":21},"end":{"line":5,"column":45}},"4":{"start":{"line":6,"column":18},"end":{"line":6,"column":49}},"5":{"start":{"line":7,"column":19},"end":{"line":7,"column":41}},"6":{"start":{"line":8,"column":19},"end":{"line":8,"column":41}},"7":{"start":{"line":10,"column":16},"end":{"line":10,"column":51}},"8":{"start":{"line":11,"column":19},"end":{"line":11,"column":41}},"9":{"start":{"line":18,"column":17},"end":{"line":26,"column":3}},"10":{"start":{"line":28,"column":2},"end":{"line":36,"column":3}},"11":{"start":{"line":29,"column":20},"end":{"line":29,"column":51}},"12":{"start":{"line":30,"column":21},"end":{"line":30,"column":48}},"13":{"start":{"line":31,"column":24},"end":{"line":31,"column":65}},"14":{"start":{"line":32,"column":4},"end":{"line":32,"column":23}},"15":{"start":{"line":34,"column":4},"end":{"line":34,"column":50}},"16":{"start":{"line":35,"column":4},"end":{"line":35,"column":45}},"17":{"start":{"line":46,"column":2},"end":{"line":56,"column":3}},"18":{"start":{"line":47,"column":25},"end":{"line":47,"column":48}},"19":{"start":{"line":48,"column":19},"end":{"line":48,"column":55}},"20":{"start":{"line":49,"column":4},"end":{"line":51,"column":5}},"21":{"start":{"line":50,"column":6},"end":{"line":50,"column":62}},"22":{"start":{"line":52,"column":4},"end":{"line":52,"column":21}},"23":{"start":{"line":54,"column":4},"end":{"line":54,"column":52}},"24":{"start":{"line":55,"column":4},"end":{"line":55,"column":37}},"25":{"start":{"line":60,"column":20},"end":{"line":60,"column":59}},"26":{"start":{"line":61,"column":2},"end":{"line":61,"column":40}},"27":{"start":{"line":63,"column":18},"end":{"line":63,"column":120}},"28":{"start":{"line":65,"column":22},"end":{"line":65,"column":46}},"29":{"start":{"line":67,"column":43},"end":{"line":71,"column":3}},"30":{"start":{"line":73,"column":41},"end":{"line":82,"column":3}},"31":{"start":{"line":84,"column":17},"end":{"line":89,"column":3}},"32":{"start":{"line":91,"column":2},"end":{"line":98,"column":3}},"33":{"start":{"line":92,"column":20},"end":{"line":92,"column":72}},"34":{"start":{"line":93,"column":21},"end":{"line":93,"column":51}},"35":{"start":{"line":94,"column":4},"end":{"line":94,"column":29}},"36":{"start":{"line":96,"column":4},"end":{"line":96,"column":61}},"37":{"start":{"line":97,"column":4},"end":{"line":97,"column":57}},"38":{"start":{"line":101,"column":0},"end":{"line":105,"column":2}}},"fnMap":{"0":{"name":"authUserToFetchAccessToken","decl":{"start":{"line":17,"column":15},"end":{"line":17,"column":41}},"loc":{"start":{"line":17,"column":62},"end":{"line":37,"column":1}},"line":17},"1":{"name":"getCognitoUserGroups","decl":{"start":{"line":45,"column":9},"end":{"line":45,"column":29}},"loc":{"start":{"line":45,"column":43},"end":{"line":57,"column":1}},"line":45},"2":{"name":"generateQuickSightURL","decl":{"start":{"line":59,"column":15},"end":{"line":59,"column":36}},"loc":{"start":{"line":59,"column":50},"end":{"line":99,"column":1}},"line":59}},"branchMap":{"0":{"loc":{"start":{"line":48,"column":19},"end":{"line":48,"column":55}},"type":"binary-expr","locations":[{"start":{"line":48,"column":19},"end":{"line":48,"column":49}},{"start":{"line":48,"column":53},"end":{"line":48,"column":55}}],"line":48},"1":{"loc":{"start":{"line":49,"column":4},"end":{"line":51,"column":5}},"type":"if","locations":[{"start":{"line":49,"column":4},"end":{"line":51,"column":5}},{"start":{},"end":{}}],"line":49},"2":{"loc":{"start":{"line":49,"column":8},"end":{"line":49,"column":38}},"type":"binary-expr","locations":[{"start":{"line":49,"column":8},"end":{"line":49,"column":15}},{"start":{"line":49,"column":19},"end":{"line":49,"column":38}}],"line":49}},"s":{"0":0,"1":0,"2":0,"3":0,"4":0,"5":0,"6":0,"7":0,"8":0,"9":0,"10":0,"11":0,"12":0,"13":0,"14":0,"15":0,"16":0,"17":0,"18":0,"19":0,"20":0,"21":0,"22":0,"23":0,"24":0,"25":0,"26":0,"27":0,"28":0,"29":0,"30":0,"31":0,"32":0,"33":0,"34":0,"35":0,"36":0,"37":0,"38":0},"f":{"0":0,"1":0,"2":0},"b":{"0":[0,0],"1":[0,0],"2":[0,0]},"inputSourceMap":null}
,"C:\\Users\\ADMIN\\OneDrive\\Desktop\\Capstone Project - Customizable Dashboard - Nuoa\\cookies200_backend\\src\\lambda-code\\QSaccess\\generateDashboardUrl.js": {"path":"C:\\Users\\ADMIN\\OneDrive\\Desktop\\Capstone Project - Customizable Dashboard - Nuoa\\cookies200_backend\\src\\lambda-code\\QSaccess\\generateDashboardUrl.js","statementMap":{"0":{"start":{"line":1,"column":60},"end":{"line":1,"column":93}},"1":{"start":{"line":3,"column":0},"end":{"line":33,"column":2}},"2":{"start":{"line":4,"column":2},"end":{"line":32,"column":3}},"3":{"start":{"line":5,"column":21},"end":{"line":5,"column":35}},"4":{"start":{"line":6,"column":21},"end":{"line":6,"column":35}},"5":{"start":{"line":9,"column":24},"end":{"line":9,"column":76}},"6":{"start":{"line":10,"column":4},"end":{"line":10,"column":47}},"7":{"start":{"line":13,"column":21},"end":{"line":13,"column":61}},"8":{"start":{"line":14,"column":4},"end":{"line":14,"column":54}},"9":{"start":{"line":16,"column":4},"end":{"line":22,"column":6}},"10":{"start":{"line":24,"column":4},"end":{"line":24,"column":55}},"11":{"start":{"line":26,"column":4},"end":{"line":31,"column":6}}},"fnMap":{"0":{"name":"(anonymous_0)","decl":{"start":{"line":3,"column":31},"end":{"line":3,"column":32}},"loc":{"start":{"line":3,"column":48},"end":{"line":33,"column":1}},"line":3}},"branchMap":{},"s":{"0":0,"1":0,"2":0,"3":0,"4":0,"5":0,"6":0,"7":0,"8":0,"9":0,"10":0,"11":0},"f":{"0":0},"b":{},"inputSourceMap":null}
,"C:\\Users\\ADMIN\\OneDrive\\Desktop\\Capstone Project - Customizable Dashboard - Nuoa\\cookies200_backend\\src\\lambda-code\\onboarding\\getEnv.js": {"path":"C:\\Users\\ADMIN\\OneDrive\\Desktop\\Capstone Project - Customizable Dashboard - Nuoa\\cookies200_backend\\src\\lambda-code\\onboarding\\getEnv.js","statementMap":{"0":{"start":{"line":1,"column":15},"end":{"line":10,"column":2}},"1":{"start":{"line":1,"column":22},"end":{"line":10,"column":1}},"2":{"start":{"line":12,"column":0},"end":{"line":12,"column":28}}},"fnMap":{"0":{"name":"(anonymous_0)","decl":{"start":{"line":1,"column":15},"end":{"line":1,"column":16}},"loc":{"start":{"line":1,"column":22},"end":{"line":10,"column":1}},"line":1}},"branchMap":{},"s":{"0":0,"1":0,"2":0},"f":{"0":0},"b":{},"inputSourceMap":null}
,"C:\\Users\\ADMIN\\OneDrive\\Desktop\\Capstone Project - Customizable Dashboard - Nuoa\\cookies200_backend\\src\\lambda-code\\onboarding\\quicksightOnboarding.js": {"path":"C:\\Users\\ADMIN\\OneDrive\\Desktop\\Capstone Project - Customizable Dashboard - Nuoa\\cookies200_backend\\src\\lambda-code\\onboarding\\quicksightOnboarding.js","statementMap":{"0":{"start":{"line":1,"column":30},"end":{"line":1,"column":82}},"1":{"start":{"line":2,"column":25},"end":{"line":2,"column":71}},"2":{"start":{"line":4,"column":0},"end":{"line":13,"column":2}},"3":{"start":{"line":5,"column":19},"end":{"line":5,"column":59}},"4":{"start":{"line":6,"column":18},"end":{"line":6,"column":41}},"5":{"start":{"line":7,"column":4},"end":{"line":7,"column":36}},"6":{"start":{"line":9,"column":26},"end":{"line":9,"column":52}},"7":{"start":{"line":12,"column":4},"end":{"line":12,"column":58}}},"fnMap":{"0":{"name":"(anonymous_0)","decl":{"start":{"line":4,"column":31},"end":{"line":4,"column":32}},"loc":{"start":{"line":4,"column":48},"end":{"line":13,"column":1}},"line":4}},"branchMap":{},"s":{"0":0,"1":0,"2":0,"3":0,"4":0,"5":0,"6":0,"7":0},"f":{"0":0},"b":{},"inputSourceMap":null}
,"C:\\Users\\ADMIN\\OneDrive\\Desktop\\Capstone Project - Customizable Dashboard - Nuoa\\cookies200_backend\\src\\lambda-code\\onboarding\\helpers\\createDashboard\\createDashboard.js": {"path":"C:\\Users\\ADMIN\\OneDrive\\Desktop\\Capstone Project - Customizable Dashboard - Nuoa\\cookies200_backend\\src\\lambda-code\\onboarding\\helpers\\createDashboard\\createDashboard.js","statementMap":{"0":{"start":{"line":7,"column":4},"end":{"line":7,"column":41}},"1":{"start":{"line":8,"column":19},"end":{"line":8,"column":42}},"2":{"start":{"line":10,"column":37},"end":{"line":10,"column":64}},"3":{"start":{"line":17,"column":24},"end":{"line":17,"column":85}},"4":{"start":{"line":18,"column":23},"end":{"line":18,"column":82}},"5":{"start":{"line":19,"column":23},"end":{"line":19,"column":82}},"6":{"start":{"line":20,"column":24},"end":{"line":20,"column":85}},"7":{"start":{"line":21,"column":21},"end":{"line":21,"column":74}},"8":{"start":{"line":24,"column":4},"end":{"line":24,"column":55}},"9":{"start":{"line":26,"column":24},"end":{"line":26,"column":45}},"10":{"start":{"line":27,"column":26},"end":{"line":27,"column":49}},"11":{"start":{"line":29,"column":23},"end":{"line":29,"column":43}},"12":{"start":{"line":30,"column":25},"end":{"line":30,"column":47}},"13":{"start":{"line":33,"column":25},"end":{"line":33,"column":43}},"14":{"start":{"line":34,"column":29},"end":{"line":34,"column":47}},"15":{"start":{"line":37,"column":34},"end":{"line":41,"column":5}},"16":{"start":{"line":45,"column":38},"end":{"line":62,"column":5}},"17":{"start":{"line":66,"column":33},"end":{"line":82,"column":5}},"18":{"start":{"line":85,"column":33},"end":{"line":114,"column":5}},"19":{"start":{"line":117,"column":34},"end":{"line":160,"column":5}},"20":{"start":{"line":163,"column":31},"end":{"line":171,"column":5}},"21":{"start":{"line":173,"column":4},"end":{"line":182,"column":5}},"22":{"start":{"line":174,"column":8},"end":{"line":174,"column":53}},"23":{"start":{"line":175,"column":8},"end":{"line":175,"column":51}},"24":{"start":{"line":176,"column":8},"end":{"line":176,"column":51}},"25":{"start":{"line":177,"column":8},"end":{"line":177,"column":53}},"26":{"start":{"line":178,"column":8},"end":{"line":178,"column":47}},"27":{"start":{"line":181,"column":8},"end":{"line":181,"column":67}},"28":{"start":{"line":184,"column":0},"end":{"line":184,"column":39}}},"fnMap":{"0":{"name":"createQSDashboard","decl":{"start":{"line":23,"column":15},"end":{"line":23,"column":32}},"loc":{"start":{"line":23,"column":63},"end":{"line":183,"column":1}},"line":23}},"branchMap":{},"s":{"0":1,"1":1,"2":1,"3":1,"4":1,"5":1,"6":1,"7":1,"8":1,"9":1,"10":1,"11":1,"12":1,"13":1,"14":1,"15":1,"16":1,"17":1,"18":1,"19":1,"20":1,"21":1,"22":1,"23":1,"24":1,"25":1,"26":1,"27":0,"28":1},"f":{"0":1},"b":{},"inputSourceMap":null,"_coverageSchema":"1a1c01bbd47fc00a2c39e90264f33305004495a9","hash":"609bdb9ade84adde90287541f417a62136026f55"}
,"C:\\Users\\ADMIN\\OneDrive\\Desktop\\Capstone Project - Customizable Dashboard - Nuoa\\cookies200_backend\\src\\lambda-code\\onboarding\\helpers\\createDashboard\\createResource.js": {"path":"C:\\Users\\ADMIN\\OneDrive\\Desktop\\Capstone Project - Customizable Dashboard - Nuoa\\cookies200_backend\\src\\lambda-code\\onboarding\\helpers\\createDashboard\\createResource.js","statementMap":{"0":{"start":{"line":7,"column":4},"end":{"line":7,"column":41}},"1":{"start":{"line":9,"column":15},"end":{"line":9,"column":33}},"2":{"start":{"line":11,"column":25},"end":{"line":11,"column":65}},"3":{"start":{"line":14,"column":4},"end":{"line":59,"column":6}},"4":{"start":{"line":15,"column":22},"end":{"line":15,"column":66}},"5":{"start":{"line":17,"column":6},"end":{"line":58,"column":7}},"6":{"start":{"line":18,"column":25},"end":{"line":18,"column":61}},"7":{"start":{"line":20,"column":8},"end":{"line":47,"column":9}},"8":{"start":{"line":22,"column":33},"end":{"line":24,"column":11}},"9":{"start":{"line":26,"column":10},"end":{"line":41,"column":11}},"10":{"start":{"line":28,"column":14},"end":{"line":28,"column":68}},"11":{"start":{"line":29,"column":14},"end":{"line":29,"column":20}},"12":{"start":{"line":31,"column":14},"end":{"line":31,"column":70}},"13":{"start":{"line":32,"column":14},"end":{"line":32,"column":20}},"14":{"start":{"line":34,"column":14},"end":{"line":34,"column":66}},"15":{"start":{"line":35,"column":14},"end":{"line":35,"column":20}},"16":{"start":{"line":37,"column":14},"end":{"line":37,"column":68}},"17":{"start":{"line":38,"column":14},"end":{"line":38,"column":20}},"18":{"start":{"line":40,"column":14},"end":{"line":40,"column":20}},"19":{"start":{"line":42,"column":10},"end":{"line":46,"column":12}},"20":{"start":{"line":49,"column":8},"end":{"line":49,"column":99}},"21":{"start":{"line":50,"column":8},"end":{"line":50,"column":24}},"22":{"start":{"line":52,"column":8},"end":{"line":57,"column":9}},"23":{"start":{"line":53,"column":10},"end":{"line":53,"column":71}},"24":{"start":{"line":55,"column":10},"end":{"line":55,"column":67}},"25":{"start":{"line":56,"column":10},"end":{"line":56,"column":22}},"26":{"start":{"line":61,"column":0},"end":{"line":61,"column":46}},"27":{"start":{"line":70,"column":18},"end":{"line":70,"column":19}},"28":{"start":{"line":71,"column":4},"end":{"line":106,"column":5}},"29":{"start":{"line":75,"column":8},"end":{"line":94,"column":9}},"30":{"start":{"line":77,"column":16},"end":{"line":77,"column":63}},"31":{"start":{"line":78,"column":16},"end":{"line":78,"column":56}},"32":{"start":{"line":79,"column":16},"end":{"line":79,"column":22}},"33":{"start":{"line":81,"column":16},"end":{"line":81,"column":63}},"34":{"start":{"line":82,"column":16},"end":{"line":82,"column":56}},"35":{"start":{"line":83,"column":16},"end":{"line":83,"column":22}},"36":{"start":{"line":85,"column":16},"end":{"line":85,"column":62}},"37":{"start":{"line":86,"column":16},"end":{"line":86,"column":55}},"38":{"start":{"line":87,"column":16},"end":{"line":87,"column":22}},"39":{"start":{"line":89,"column":16},"end":{"line":89,"column":62}},"40":{"start":{"line":90,"column":16},"end":{"line":90,"column":47}},"41":{"start":{"line":91,"column":16},"end":{"line":91,"column":22}},"42":{"start":{"line":93,"column":16},"end":{"line":93,"column":78}},"43":{"start":{"line":96,"column":25},"end":{"line":96,"column":61}},"44":{"start":{"line":97,"column":23},"end":{"line":97,"column":85}},"45":{"start":{"line":97,"column":66},"end":{"line":97,"column":74}},"46":{"start":{"line":98,"column":8},"end":{"line":102,"column":9}},"47":{"start":{"line":99,"column":12},"end":{"line":99,"column":28}},"48":{"start":{"line":100,"column":15},"end":{"line":102,"column":9}},"49":{"start":{"line":101,"column":12},"end":{"line":101,"column":71}},"50":{"start":{"line":104,"column":8},"end":{"line":104,"column":18}},"51":{"start":{"line":105,"column":8},"end":{"line":105,"column":72}},"52":{"start":{"line":105,"column":39},"end":{"line":105,"column":70}},"53":{"start":{"line":108,"column":4},"end":{"line":108,"column":71}}},"fnMap":{"0":{"name":"createQuickSightResource","decl":{"start":{"line":13,"column":9},"end":{"line":13,"column":33}},"loc":{"start":{"line":13,"column":74},"end":{"line":60,"column":3}},"line":13},"1":{"name":"(anonymous_1)","decl":{"start":{"line":14,"column":11},"end":{"line":14,"column":12}},"loc":{"start":{"line":14,"column":43},"end":{"line":59,"column":5}},"line":14},"2":{"name":"waitForQuickSightOperation","decl":{"start":{"line":63,"column":15},"end":{"line":63,"column":41}},"loc":{"start":{"line":69,"column":2},"end":{"line":109,"column":1}},"line":69},"3":{"name":"(anonymous_3)","decl":{"start":{"line":97,"column":52},"end":{"line":97,"column":53}},"loc":{"start":{"line":97,"column":66},"end":{"line":97,"column":74}},"line":97},"4":{"name":"(anonymous_4)","decl":{"start":{"line":105,"column":26},"end":{"line":105,"column":27}},"loc":{"start":{"line":105,"column":39},"end":{"line":105,"column":70}},"line":105}},"branchMap":{"0":{"loc":{"start":{"line":20,"column":8},"end":{"line":47,"column":9}},"type":"if","locations":[{"start":{"line":20,"column":8},"end":{"line":47,"column":9}},{"start":{},"end":{}}],"line":20},"1":{"loc":{"start":{"line":26,"column":10},"end":{"line":41,"column":11}},"type":"switch","locations":[{"start":{"line":27,"column":12},"end":{"line":29,"column":20}},{"start":{"line":30,"column":12},"end":{"line":32,"column":20}},{"start":{"line":33,"column":12},"end":{"line":35,"column":20}},{"start":{"line":36,"column":12},"end":{"line":38,"column":20}},{"start":{"line":39,"column":12},"end":{"line":40,"column":20}}],"line":26},"2":{"loc":{"start":{"line":49,"column":39},"end":{"line":49,"column":87}},"type":"binary-expr","locations":[{"start":{"line":49,"column":39},"end":{"line":49,"column":58}},{"start":{"line":49,"column":62},"end":{"line":49,"column":87}}],"line":49},"3":{"loc":{"start":{"line":52,"column":8},"end":{"line":57,"column":9}},"type":"if","locations":[{"start":{"line":52,"column":8},"end":{"line":57,"column":9}},{"start":{"line":54,"column":15},"end":{"line":57,"column":9}}],"line":52},"4":{"loc":{"start":{"line":52,"column":12},"end":{"line":52,"column":90}},"type":"binary-expr","locations":[{"start":{"line":52,"column":12},"end":{"line":52,"column":52}},{"start":{"line":52,"column":56},"end":{"line":52,"column":90}}],"line":52},"5":{"loc":{"start":{"line":67,"column":4},"end":{"line":67,"column":21}},"type":"default-arg","locations":[{"start":{"line":67,"column":17},"end":{"line":67,"column":21}}],"line":67},"6":{"loc":{"start":{"line":68,"column":4},"end":{"line":68,"column":19}},"type":"default-arg","locations":[{"start":{"line":68,"column":17},"end":{"line":68,"column":19}}],"line":68},"7":{"loc":{"start":{"line":75,"column":8},"end":{"line":94,"column":9}},"type":"switch","locations":[{"start":{"line":76,"column":12},"end":{"line":79,"column":22}},{"start":{"line":80,"column":12},"end":{"line":83,"column":22}},{"start":{"line":84,"column":12},"end":{"line":87,"column":22}},{"start":{"line":88,"column":12},"end":{"line":91,"column":22}},{"start":{"line":92,"column":12},"end":{"line":93,"column":78}}],"line":75},"8":{"loc":{"start":{"line":98,"column":8},"end":{"line":102,"column":9}},"type":"if","locations":[{"start":{"line":98,"column":8},"end":{"line":102,"column":9}},{"start":{"line":100,"column":15},"end":{"line":102,"column":9}}],"line":98},"9":{"loc":{"start":{"line":100,"column":15},"end":{"line":102,"column":9}},"type":"if","locations":[{"start":{"line":100,"column":15},"end":{"line":102,"column":9}},{"start":{},"end":{}}],"line":100},"10":{"loc":{"start":{"line":100,"column":19},"end":{"line":100,"column":87}},"type":"binary-expr","locations":[{"start":{"line":100,"column":19},"end":{"line":100,"column":49}},{"start":{"line":100,"column":53},"end":{"line":100,"column":87}}],"line":100}},"s":{"0":1,"1":1,"2":1,"3":16,"4":16,"5":16,"6":16,"7":8,"8":8,"9":8,"10":2,"11":2,"12":2,"13":2,"14":2,"15":2,"16":2,"17":2,"18":0,"19":8,"20":4,"21":4,"22":12,"23":4,"24":8,"25":8,"26":1,"27":8,"28":8,"29":8,"30":2,"31":2,"32":2,"33":2,"34":2,"35":2,"36":2,"37":2,"38":2,"39":2,"40":2,"41":2,"42":0,"43":8,"44":8,"45":20,"46":8,"47":4,"48":4,"49":4,"50":0,"51":0,"52":0,"53":0},"f":{"0":16,"1":16,"2":8,"3":20,"4":0},"b":{"0":[8,0],"1":[2,2,2,2,0],"2":[4,1],"3":[4,8],"4":[12,8],"5":[8],"6":[8],"7":[2,2,2,2,0],"8":[4,4],"9":[4,0],"10":[4,1]},"inputSourceMap":null,"_coverageSchema":"1a1c01bbd47fc00a2c39e90264f33305004495a9","hash":"9024d39aa02396893e76cfe41f9ee4e7d317fba4"}
,"C:\\Users\\ADMIN\\OneDrive\\Desktop\\Capstone Project - Customizable Dashboard - Nuoa\\cookies200_backend\\src\\lambda-code\\onboarding\\helpers\\createTenant\\createRoleMapping.js": {"path":"C:\\Users\\ADMIN\\OneDrive\\Desktop\\Capstone Project - Customizable Dashboard - Nuoa\\cookies200_backend\\src\\lambda-code\\onboarding\\helpers\\createTenant\\createRoleMapping.js","statementMap":{"0":{"start":{"line":5,"column":4},"end":{"line":5,"column":48}},"1":{"start":{"line":7,"column":19},"end":{"line":7,"column":43}},"2":{"start":{"line":9,"column":30},"end":{"line":9,"column":84}},"3":{"start":{"line":12,"column":4},"end":{"line":12,"column":76}},"4":{"start":{"line":15,"column":45},"end":{"line":17,"column":6}},"5":{"start":{"line":18,"column":33},"end":{"line":18,"column":99}},"6":{"start":{"line":19,"column":33},"end":{"line":19,"column":72}},"7":{"start":{"line":22,"column":30},"end":{"line":22,"column":128}},"8":{"start":{"line":23,"column":26},"end":{"line":23,"column":98}},"9":{"start":{"line":26,"column":21},"end":{"line":31,"column":3}},"10":{"start":{"line":27,"column":4},"end":{"line":30,"column":34}},"11":{"start":{"line":33,"column":2},"end":{"line":36,"column":3}},"12":{"start":{"line":34,"column":4},"end":{"line":34,"column":59}},"13":{"start":{"line":35,"column":4},"end":{"line":35,"column":11}},"14":{"start":{"line":39,"column":4},"end":{"line":44,"column":7}},"15":{"start":{"line":47,"column":4},"end":{"line":53,"column":6}},"16":{"start":{"line":56,"column":19},"end":{"line":62,"column":5}},"17":{"start":{"line":64,"column":4},"end":{"line":83,"column":5}},"18":{"start":{"line":65,"column":24},"end":{"line":65,"column":63}},"19":{"start":{"line":66,"column":25},"end":{"line":66,"column":66}},"20":{"start":{"line":67,"column":8},"end":{"line":67,"column":78}},"21":{"start":{"line":69,"column":8},"end":{"line":69,"column":45}},"22":{"start":{"line":70,"column":8},"end":{"line":82,"column":9}},"23":{"start":{"line":71,"column":12},"end":{"line":71,"column":64}},"24":{"start":{"line":72,"column":12},"end":{"line":72,"column":24}},"25":{"start":{"line":73,"column":15},"end":{"line":82,"column":9}},"26":{"start":{"line":74,"column":12},"end":{"line":74,"column":77}},"27":{"start":{"line":75,"column":12},"end":{"line":75,"column":24}},"28":{"start":{"line":76,"column":15},"end":{"line":82,"column":9}},"29":{"start":{"line":77,"column":12},"end":{"line":77,"column":83}},"30":{"start":{"line":78,"column":12},"end":{"line":78,"column":24}},"31":{"start":{"line":80,"column":12},"end":{"line":80,"column":54}},"32":{"start":{"line":81,"column":12},"end":{"line":81,"column":24}},"33":{"start":{"line":86,"column":0},"end":{"line":86,"column":39}}},"fnMap":{"0":{"name":"createRoleMapping","decl":{"start":{"line":11,"column":15},"end":{"line":11,"column":32}},"loc":{"start":{"line":11,"column":60},"end":{"line":84,"column":1}},"line":11},"1":{"name":"(anonymous_1)","decl":{"start":{"line":26,"column":40},"end":{"line":26,"column":41}},"loc":{"start":{"line":27,"column":4},"end":{"line":30,"column":34}},"line":27}},"branchMap":{"0":{"loc":{"start":{"line":19,"column":33},"end":{"line":19,"column":72}},"type":"binary-expr","locations":[{"start":{"line":19,"column":33},"end":{"line":19,"column":66}},{"start":{"line":19,"column":70},"end":{"line":19,"column":72}}],"line":19},"1":{"loc":{"start":{"line":23,"column":26},"end":{"line":23,"column":98}},"type":"binary-expr","locations":[{"start":{"line":23,"column":26},"end":{"line":23,"column":92}},{"start":{"line":23,"column":96},"end":{"line":23,"column":98}}],"line":23},"2":{"loc":{"start":{"line":27,"column":4},"end":{"line":30,"column":34}},"type":"binary-expr","locations":[{"start":{"line":27,"column":4},"end":{"line":27,"column":35}},{"start":{"line":28,"column":4},"end":{"line":28,"column":31}},{"start":{"line":29,"column":4},"end":{"line":29,"column":29}},{"start":{"line":30,"column":4},"end":{"line":30,"column":34}}],"line":27},"3":{"loc":{"start":{"line":33,"column":2},"end":{"line":36,"column":3}},"type":"if","locations":[{"start":{"line":33,"column":2},"end":{"line":36,"column":3}},{"start":{},"end":{}}],"line":33},"4":{"loc":{"start":{"line":70,"column":8},"end":{"line":82,"column":9}},"type":"if","locations":[{"start":{"line":70,"column":8},"end":{"line":82,"column":9}},{"start":{"line":73,"column":15},"end":{"line":82,"column":9}}],"line":70},"5":{"loc":{"start":{"line":73,"column":15},"end":{"line":82,"column":9}},"type":"if","locations":[{"start":{"line":73,"column":15},"end":{"line":82,"column":9}},{"start":{"line":76,"column":15},"end":{"line":82,"column":9}}],"line":73},"6":{"loc":{"start":{"line":76,"column":15},"end":{"line":82,"column":9}},"type":"if","locations":[{"start":{"line":76,"column":15},"end":{"line":82,"column":9}},{"start":{"line":79,"column":15},"end":{"line":82,"column":9}}],"line":76}},"s":{"0":1,"1":1,"2":1,"3":6,"4":6,"5":6,"6":5,"7":5,"8":5,"9":5,"10":1,"11":5,"12":1,"13":1,"14":4,"15":4,"16":4,"17":4,"18":4,"19":4,"20":1,"21":3,"22":3,"23":0,"24":0,"25":3,"26":1,"27":1,"28":2,"29":1,"30":1,"31":1,"32":1,"33":1},"f":{"0":6,"1":1},"b":{"0":[5,0],"1":[5,4],"2":[1,1,1,1],"3":[1,4],"4":[0,3],"5":[1,2],"6":[1,1]},"inputSourceMap":null,"_coverageSchema":"1a1c01bbd47fc00a2c39e90264f33305004495a9","hash":"c72088e3a033ecde67c28ee454023a5de5e264d1"}
,"C:\\Users\\ADMIN\\OneDrive\\Desktop\\Capstone Project - Customizable Dashboard - Nuoa\\cookies200_backend\\src\\lambda-code\\onboarding\\helpers\\createTenant\\createTenant.js": {"path":"C:\\Users\\ADMIN\\OneDrive\\Desktop\\Capstone Project - Customizable Dashboard - Nuoa\\cookies200_backend\\src\\lambda-code\\onboarding\\helpers\\createTenant\\createTenant.js","statementMap":{"0":{"start":{"line":1,"column":29},"end":{"line":1,"column":59}},"1":{"start":{"line":2,"column":30},"end":{"line":2,"column":61}},"2":{"start":{"line":5,"column":26},"end":{"line":5,"column":60}},"3":{"start":{"line":6,"column":4},"end":{"line":6,"column":53}},"4":{"start":{"line":7,"column":4},"end":{"line":7,"column":55}},"5":{"start":{"line":8,"column":4},"end":{"line":8,"column":25}},"6":{"start":{"line":11,"column":0},"end":{"line":11,"column":34}}},"fnMap":{"0":{"name":"createTenant","decl":{"start":{"line":4,"column":15},"end":{"line":4,"column":27}},"loc":{"start":{"line":4,"column":40},"end":{"line":9,"column":1}},"line":4}},"branchMap":{},"s":{"0":0,"1":0,"2":0,"3":0,"4":0,"5":0,"6":0},"f":{"0":0},"b":{},"inputSourceMap":null}
,"C:\\Users\\ADMIN\\OneDrive\\Desktop\\Capstone Project - Customizable Dashboard - Nuoa\\cookies200_backend\\src\\lambda-code\\onboarding\\helpers\\createTenant\\createTenantRole.js": {"path":"C:\\Users\\ADMIN\\OneDrive\\Desktop\\Capstone Project - Customizable Dashboard - Nuoa\\cookies200_backend\\src\\lambda-code\\onboarding\\helpers\\createTenant\\createTenantRole.js","statementMap":{"0":{"start":{"line":6,"column":4},"end":{"line":6,"column":35}},"1":{"start":{"line":8,"column":19},"end":{"line":8,"column":43}},"2":{"start":{"line":10,"column":18},"end":{"line":10,"column":60}},"3":{"start":{"line":13,"column":27},"end":{"line":13,"column":52}},"4":{"start":{"line":15,"column":37},"end":{"line":31,"column":5}},"5":{"start":{"line":34,"column":27},"end":{"line":34,"column":52}},"6":{"start":{"line":35,"column":27},"end":{"line":50,"column":5}},"7":{"start":{"line":52,"column":4},"end":{"line":84,"column":5}},"8":{"start":{"line":53,"column":35},"end":{"line":57,"column":10}},"9":{"start":{"line":59,"column":35},"end":{"line":59,"column":75}},"10":{"start":{"line":60,"column":8},"end":{"line":60,"column":64}},"11":{"start":{"line":61,"column":24},"end":{"line":61,"column":51}},"12":{"start":{"line":63,"column":8},"end":{"line":63,"column":48}},"13":{"start":{"line":66,"column":37},"end":{"line":70,"column":10}},"14":{"start":{"line":71,"column":8},"end":{"line":71,"column":51}},"15":{"start":{"line":73,"column":8},"end":{"line":73,"column":101}},"16":{"start":{"line":74,"column":8},"end":{"line":74,"column":50}},"17":{"start":{"line":75,"column":8},"end":{"line":75,"column":23}},"18":{"start":{"line":77,"column":8},"end":{"line":83,"column":9}},"19":{"start":{"line":78,"column":12},"end":{"line":78,"column":50}},"20":{"start":{"line":79,"column":12},"end":{"line":79,"column":88}},"21":{"start":{"line":81,"column":12},"end":{"line":81,"column":64}},"22":{"start":{"line":82,"column":12},"end":{"line":82,"column":24}},"23":{"start":{"line":88,"column":18},"end":{"line":88,"column":19}},"24":{"start":{"line":89,"column":4},"end":{"line":105,"column":5}},"25":{"start":{"line":90,"column":8},"end":{"line":104,"column":9}},"26":{"start":{"line":91,"column":28},"end":{"line":91,"column":70}},"27":{"start":{"line":92,"column":12},"end":{"line":92,"column":42}},"28":{"start":{"line":93,"column":12},"end":{"line":93,"column":19}},"29":{"start":{"line":95,"column":12},"end":{"line":103,"column":13}},"30":{"start":{"line":96,"column":16},"end":{"line":96,"column":26}},"31":{"start":{"line":97,"column":16},"end":{"line":97,"column":78}},"32":{"start":{"line":97,"column":45},"end":{"line":97,"column":76}},"33":{"start":{"line":98,"column":19},"end":{"line":103,"column":13}},"34":{"start":{"line":99,"column":16},"end":{"line":99,"column":51}},"35":{"start":{"line":100,"column":16},"end":{"line":100,"column":23}},"36":{"start":{"line":102,"column":16},"end":{"line":102,"column":28}},"37":{"start":{"line":106,"column":4},"end":{"line":106,"column":75}},"38":{"start":{"line":109,"column":0},"end":{"line":109,"column":59}}},"fnMap":{"0":{"name":"createTenantRole","decl":{"start":{"line":12,"column":15},"end":{"line":12,"column":31}},"loc":{"start":{"line":12,"column":44},"end":{"line":85,"column":1}},"line":12},"1":{"name":"waitForRoleCreation","decl":{"start":{"line":87,"column":15},"end":{"line":87,"column":34}},"loc":{"start":{"line":87,"column":81},"end":{"line":107,"column":1}},"line":87},"2":{"name":"(anonymous_2)","decl":{"start":{"line":97,"column":34},"end":{"line":97,"column":35}},"loc":{"start":{"line":97,"column":45},"end":{"line":97,"column":76}},"line":97}},"branchMap":{"0":{"loc":{"start":{"line":77,"column":8},"end":{"line":83,"column":9}},"type":"if","locations":[{"start":{"line":77,"column":8},"end":{"line":83,"column":9}},{"start":{"line":80,"column":15},"end":{"line":83,"column":9}}],"line":77},"1":{"loc":{"start":{"line":87,"column":45},"end":{"line":87,"column":62}},"type":"default-arg","locations":[{"start":{"line":87,"column":58},"end":{"line":87,"column":62}}],"line":87},"2":{"loc":{"start":{"line":87,"column":64},"end":{"line":87,"column":79}},"type":"default-arg","locations":[{"start":{"line":87,"column":77},"end":{"line":87,"column":79}}],"line":87},"3":{"loc":{"start":{"line":95,"column":12},"end":{"line":103,"column":13}},"type":"if","locations":[{"start":{"line":95,"column":12},"end":{"line":103,"column":13}},{"start":{"line":98,"column":19},"end":{"line":103,"column":13}}],"line":95},"4":{"loc":{"start":{"line":98,"column":19},"end":{"line":103,"column":13}},"type":"if","locations":[{"start":{"line":98,"column":19},"end":{"line":103,"column":13}},{"start":{"line":101,"column":19},"end":{"line":103,"column":13}}],"line":98}},"s":{"0":1,"1":1,"2":1,"3":2,"4":2,"5":2,"6":2,"7":2,"8":2,"9":2,"10":1,"11":1,"12":1,"13":1,"14":1,"15":1,"16":1,"17":1,"18":1,"19":1,"20":1,"21":0,"22":0,"23":5,"24":5,"25":9,"26":9,"27":9,"28":2,"29":7,"30":5,"31":5,"32":5,"33":2,"34":1,"35":1,"36":1,"37":1,"38":1},"f":{"0":2,"1":5,"2":5},"b":{"0":[1,0],"1":[2],"2":[2],"3":[5,2],"4":[1,1]},"inputSourceMap":null,"_coverageSchema":"1a1c01bbd47fc00a2c39e90264f33305004495a9","hash":"f40d46a6efb0c5d3ab6f118be428258d7ac149a8"}
,"C:\\Users\\ADMIN\\OneDrive\\Desktop\\Capstone Project - Customizable Dashboard - Nuoa\\cookies200_backend\\src\\lib\\auth_stack.ts": {"path":"C:\\Users\\ADMIN\\OneDrive\\Desktop\\Capstone Project - Customizable Dashboard - Nuoa\\cookies200_backend\\src\\lib\\auth_stack.ts","statementMap":{"0":{"start":{"line":1,"column":0},"end":{"line":1,"column":null}},"1":{"start":{"line":8,"column":0},"end":{"line":8,"column":69}},"2":{"start":{"line":18,"column":4},"end":{"line":18,"column":28}},"3":{"start":{"line":21,"column":23},"end":{"line":28,"column":6}},"4":{"start":{"line":31,"column":4},"end":{"line":37,"column":6}},"5":{"start":{"line":40,"column":37},"end":{"line":55,"column":null}},"6":{"start":{"line":59,"column":16},"end":{"line":62,"column":6}},"7":{"start":{"line":64,"column":23},"end":{"line":69,"column":null}},"8":{"start":{"line":73,"column":30},"end":{"line":77,"column":null}},"9":{"start":{"line":81,"column":26},"end":{"line":81,"column":55}},"10":{"start":{"line":82,"column":4},"end":{"line":84,"column":7}},"11":{"start":{"line":87,"column":4},"end":{"line":91,"column":7}},"12":{"start":{"line":10,"column":0},"end":{"line":10,"column":13}}},"fnMap":{"0":{"name":"(anonymous_0)","decl":{"start":{"line":11,"column":2},"end":{"line":11,"column":null}},"loc":{"start":{"line":16,"column":22},"end":{"line":92,"column":3}}}},"branchMap":{},"s":{"0":0,"1":0,"2":0,"3":0,"4":0,"5":0,"6":0,"7":0,"8":0,"9":0,"10":0,"11":0,"12":0},"f":{"0":0},"b":{}}
,"C:\\Users\\ADMIN\\OneDrive\\Desktop\\Capstone Project - Customizable Dashboard - Nuoa\\cookies200_backend\\src\\lib\\cognito_stack.ts": {"path":"C:\\Users\\ADMIN\\OneDrive\\Desktop\\Capstone Project - Customizable Dashboard - Nuoa\\cookies200_backend\\src\\lib\\cognito_stack.ts","statementMap":{"0":{"start":{"line":1,"column":0},"end":{"line":1,"column":null}},"1":{"start":{"line":6,"column":0},"end":{"line":6,"column":59}},"2":{"start":{"line":15,"column":4},"end":{"line":15,"column":28}},"3":{"start":{"line":18,"column":21},"end":{"line":39,"column":6}},"4":{"start":{"line":42,"column":4},"end":{"line":46,"column":7}},"5":{"start":{"line":48,"column":27},"end":{"line":69,"column":6}},"6":{"start":{"line":73,"column":24},"end":{"line":73,"column":97}},"7":{"start":{"line":75,"column":25},"end":{"line":78,"column":6}},"8":{"start":{"line":81,"column":25},"end":{"line":92,"column":null}},"9":{"start":{"line":96,"column":4},"end":{"line":99,"column":7}},"10":{"start":{"line":102,"column":25},"end":{"line":115,"column":6}},"11":{"start":{"line":118,"column":4},"end":{"line":128,"column":6}},"12":{"start":{"line":131,"column":4},"end":{"line":137,"column":6}},"13":{"start":{"line":139,"column":4},"end":{"line":139,"column":29}},"14":{"start":{"line":140,"column":4},"end":{"line":140,"column":60}},"15":{"start":{"line":141,"column":4},"end":{"line":141,"column":48}},"16":{"start":{"line":142,"column":4},"end":{"line":142,"column":43}},"17":{"start":{"line":8,"column":0},"end":{"line":8,"column":13}}},"fnMap":{"0":{"name":"(anonymous_0)","decl":{"start":{"line":14,"column":2},"end":{"line":14,"column":14}},"loc":{"start":{"line":14,"column":62},"end":{"line":143,"column":3}}}},"branchMap":{},"s":{"0":1,"1":1,"2":1,"3":1,"4":1,"5":1,"6":1,"7":1,"8":1,"9":1,"10":1,"11":1,"12":1,"13":1,"14":1,"15":1,"16":1,"17":1},"f":{"0":1},"b":{}}
,"C:\\Users\\ADMIN\\OneDrive\\Desktop\\Capstone Project - Customizable Dashboard - Nuoa\\cookies200_backend\\src\\lib\\onboarding_stack.ts": {"path":"C:\\Users\\ADMIN\\OneDrive\\Desktop\\Capstone Project - Customizable Dashboard - Nuoa\\cookies200_backend\\src\\lib\\onboarding_stack.ts","statementMap":{"0":{"start":{"line":1,"column":0},"end":{"line":1,"column":null}},"1":{"start":{"line":9,"column":0},"end":{"line":9,"column":58}},"2":{"start":{"line":21,"column":8},"end":{"line":21,"column":32}},"3":{"start":{"line":24,"column":27},"end":{"line":29,"column":10}},"4":{"start":{"line":31,"column":8},"end":{"line":35,"column":10}},"5":{"start":{"line":38,"column":8},"end":{"line":57,"column":10}},"6":{"start":{"line":59,"column":8},"end":{"line":67,"column":10}},"7":{"start":{"line":69,"column":8},"end":{"line":87,"column":10}},"8":{"start":{"line":90,"column":8},"end":{"line":100,"column":10}},"9":{"start":{"line":102,"column":8},"end":{"line":111,"column":10}},"10":{"start":{"line":113,"column":8},"end":{"line":124,"column":10}},"11":{"start":{"line":126,"column":37},"end":{"line":142,"column":10}},"12":{"start":{"line":144,"column":22},"end":{"line":144,"column":62}},"13":{"start":{"line":146,"column":26},"end":{"line":148,"column":10}},"14":{"start":{"line":150,"column":8},"end":{"line":158,"column":11}},"15":{"start":{"line":11,"column":0},"end":{"line":11,"column":13}}},"fnMap":{"0":{"name":"(anonymous_0)","decl":{"start":{"line":13,"column":4},"end":{"line":13,"column":16}},"loc":{"start":{"line":19,"column":26},"end":{"line":159,"column":5}}}},"branchMap":{},"s":{"0":1,"1":1,"2":1,"3":1,"4":1,"5":1,"6":1,"7":1,"8":1,"9":1,"10":1,"11":1,"12":1,"13":1,"14":1,"15":1},"f":{"0":1},"b":{}}
}
