TN:
SF:src\lambda-code\QSaccess\fetchUserRelatedInfo.js
FN:17,authUserToFetchAccessToken
FN:45,getCognitoUserGroups
FN:59,generateQuickSightURL
FNF:3
FNH:0
FNDA:0,authUserToFetchAccessToken
FNDA:0,getCognitoUserGroups
FNDA:0,generateQuickSightURL
DA:1,0
DA:2,0
DA:3,0
DA:5,0
DA:6,0
DA:7,0
DA:8,0
DA:10,0
DA:11,0
DA:18,0
DA:28,0
DA:29,0
DA:30,0
DA:31,0
DA:32,0
DA:34,0
DA:35,0
DA:46,0
DA:47,0
DA:48,0
DA:49,0
DA:50,0
DA:52,0
DA:54,0
DA:55,0
DA:60,0
DA:61,0
DA:63,0
DA:65,0
DA:67,0
DA:73,0
DA:84,0
DA:91,0
DA:92,0
DA:93,0
DA:94,0
DA:96,0
DA:97,0
DA:101,0
LF:39
LH:0
BRDA:48,0,0,0
BRDA:48,0,1,0
BRDA:49,1,0,0
BRDA:49,1,1,0
BRDA:49,2,0,0
BRDA:49,2,1,0
BRF:6
BRH:0
end_of_record
TN:
SF:src\lambda-code\QSaccess\generateDashboardUrl.js
FN:3,(anonymous_0)
FNF:1
FNH:0
FNDA:0,(anonymous_0)
DA:1,0
DA:3,0
DA:4,0
DA:5,0
DA:6,0
DA:9,0
DA:10,0
DA:13,0
DA:14,0
DA:16,0
DA:24,0
DA:26,0
LF:12
LH:0
BRF:0
BRH:0
end_of_record
TN:
SF:src\lambda-code\onboarding\quicksightOnboarding.js
FN:4,(anonymous_0)
FNF:1
FNH:0
FNDA:0,(anonymous_0)
DA:1,0
DA:2,0
DA:4,0
DA:5,0
DA:6,0
DA:7,0
DA:9,0
DA:12,0
LF:8
LH:0
BRF:0
BRH:0
end_of_record
TN:
SF:src\lambda-code\onboarding\helpers\createDashboard.js
FN:22,createQSDashboard
FNF:1
FNH:0
FNDA:0,createQSDashboard
DA:7,0
DA:9,0
DA:11,0
DA:12,0
DA:13,0
DA:14,0
DA:16,0
DA:17,0
DA:18,0
DA:19,0
DA:20,0
DA:23,0
DA:25,0
DA:26,0
DA:28,0
DA:29,0
DA:32,0
DA:33,0
DA:36,0
DA:44,0
DA:65,0
DA:84,0
DA:116,0
DA:162,0
DA:172,0
DA:173,0
DA:174,0
DA:175,0
DA:176,0
DA:177,0
DA:180,0
DA:183,0
LF:32
LH:0
BRF:0
BRH:0
end_of_record
TN:
SF:src\lambda-code\onboarding\helpers\createResource.js
FN:13,createQuickSightResource
FN:14,(anonymous_1)
FN:63,waitForQuickSightOperation
FN:97,(anonymous_3)
FN:106,(anonymous_4)
FNF:5
FNH:0
FNDA:0,createQuickSightResource
FNDA:0,(anonymous_1)
FNDA:0,waitForQuickSightOperation
FNDA:0,(anonymous_3)
FNDA:0,(anonymous_4)
DA:7,0
DA:9,0
DA:11,0
DA:14,0
DA:15,0
DA:17,0
DA:18,0
DA:20,0
DA:22,0
DA:26,0
DA:28,0
DA:29,0
DA:31,0
DA:32,0
DA:34,0
DA:35,0
DA:37,0
DA:38,0
DA:40,0
DA:42,0
DA:49,0
DA:50,0
DA:52,0
DA:53,0
DA:55,0
DA:56,0
DA:61,0
DA:70,0
DA:71,0
DA:75,0
DA:77,0
DA:78,0
DA:79,0
DA:81,0
DA:82,0
DA:83,0
DA:85,0
DA:86,0
DA:87,0
DA:89,0
DA:90,0
DA:91,0
DA:93,0
DA:96,0
DA:97,0
DA:99,0
DA:100,0
DA:101,0
DA:102,0
DA:105,0
DA:106,0
DA:109,0
LF:52
LH:0
BRDA:20,0,0,0
BRDA:20,0,1,0
BRDA:26,1,0,0
BRDA:26,1,1,0
BRDA:26,1,2,0
BRDA:26,1,3,0
BRDA:26,1,4,0
BRDA:49,2,0,0
BRDA:49,2,1,0
BRDA:52,3,0,0
BRDA:52,3,1,0
BRDA:52,4,0,0
BRDA:52,4,1,0
BRDA:67,5,0,0
BRDA:68,6,0,0
BRDA:75,7,0,0
BRDA:75,7,1,0
BRDA:75,7,2,0
BRDA:75,7,3,0
BRDA:75,7,4,0
BRDA:99,8,0,0
BRDA:99,8,1,0
BRDA:101,9,0,0
BRDA:101,9,1,0
BRDA:101,10,0,0
BRDA:101,10,1,0
BRF:26
BRH:0
end_of_record
TN:
SF:src\lambda-code\onboarding\helpers\createTenant.js
FN:4,(anonymous_0)
FN:16,createTenant
FN:24,createTenantRole
FN:98,createRoleMapping
FN:111,(anonymous_4)
FN:170,waitForRoleCreation
FN:180,(anonymous_6)
FNF:7
FNH:5
FNDA:6,(anonymous_0)
FNDA:1,createTenant
FNDA:1,createTenantRole
FNDA:1,createRoleMapping
FNDA:0,(anonymous_4)
FNDA:1,waitForRoleCreation
FNDA:0,(anonymous_6)
DA:1,1
DA:2,1
DA:4,6
DA:13,1
DA:14,1
DA:17,1
DA:18,1
DA:19,1
DA:20,0
DA:25,1
DA:27,1
DA:46,1
DA:47,1
DA:64,1
DA:65,1
DA:70,1
DA:71,1
DA:73,1
DA:76,1
DA:81,1
DA:83,1
DA:84,1
DA:85,1
DA:87,0
DA:88,0
DA:89,0
DA:91,0
DA:92,0
DA:100,1
DA:103,1
DA:104,1
DA:107,0
DA:108,0
DA:111,0
DA:112,0
DA:118,0
DA:119,0
DA:120,0
DA:124,0
DA:132,0
DA:141,0
DA:149,0
DA:150,0
DA:151,0
DA:152,0
DA:154,0
DA:155,0
DA:156,0
DA:157,0
DA:158,0
DA:159,0
DA:160,0
DA:161,0
DA:162,0
DA:164,0
DA:165,0
DA:171,1
DA:172,1
DA:173,1
DA:174,1
DA:175,1
DA:176,1
DA:178,0
DA:179,0
DA:180,0
DA:181,0
DA:182,0
DA:183,0
DA:185,0
DA:189,0
DA:192,1
LF:71
LH:32
BRDA:87,0,0,0
BRDA:87,0,1,0
BRDA:104,1,0,1
BRDA:104,1,1,0
BRDA:108,2,0,0
BRDA:108,2,1,0
BRDA:112,3,0,0
BRDA:112,3,1,0
BRDA:112,3,2,0
BRDA:112,3,3,0
BRDA:118,4,0,0
BRDA:118,4,1,0
BRDA:154,5,0,0
BRDA:154,5,1,0
BRDA:157,6,0,0
BRDA:157,6,1,0
BRDA:160,7,0,0
BRDA:160,7,1,0
BRDA:170,8,0,1
BRDA:170,9,0,1
BRDA:178,10,0,0
BRDA:178,10,1,0
BRDA:181,11,0,0
BRDA:181,11,1,0
BRF:24
BRH:3
end_of_record
TN:
SF:src\lib\auth_stack.ts
FN:11,(anonymous_0)
FNF:1
FNH:0
FNDA:0,(anonymous_0)
DA:1,0
DA:8,0
DA:10,0
DA:18,0
DA:21,0
DA:31,0
DA:40,0
DA:59,0
DA:64,0
DA:73,0
DA:81,0
DA:82,0
DA:87,0
LF:13
LH:0
BRF:0
BRH:0
end_of_record
TN:
SF:src\lib\cognito_stack.ts
FN:14,(anonymous_0)
FNF:1
FNH:1
FNDA:1,(anonymous_0)
DA:1,1
DA:6,1
DA:8,1
DA:15,1
DA:18,1
DA:42,1
DA:48,1
DA:73,1
DA:75,1
DA:81,1
DA:96,1
DA:102,1
DA:118,1
DA:131,1
DA:139,1
DA:140,1
DA:141,1
DA:142,1
LF:18
LH:18
BRF:0
BRH:0
end_of_record
TN:
SF:src\lib\onboarding_stack.ts
FN:13,(anonymous_0)
FNF:1
FNH:1
FNDA:1,(anonymous_0)
DA:1,1
DA:9,1
DA:11,1
DA:21,1
DA:24,1
DA:31,1
DA:38,1
DA:59,1
DA:69,1
DA:90,1
DA:102,1
DA:113,1
DA:126,1
DA:144,1
DA:146,1
DA:150,1
LF:16
LH:16
BRF:0
BRH:0
end_of_record
