TN:
SF:src\lambda-code\QSaccess\fetchUserRelatedInfo.js
FN:17,authUserToFetchAccessToken
FN:45,getCognitoUserGroups
FN:59,generateQuickSightURL
FNF:3
FNH:0
FNDA:0,authUserToFetchAccessToken
FNDA:0,getCognitoUserGroups
FNDA:0,generateQuickSightURL
DA:1,0
DA:2,0
DA:3,0
DA:5,0
DA:6,0
DA:7,0
DA:8,0
DA:10,0
DA:11,0
DA:18,0
DA:28,0
DA:29,0
DA:30,0
DA:31,0
DA:32,0
DA:34,0
DA:35,0
DA:46,0
DA:47,0
DA:48,0
DA:49,0
DA:50,0
DA:52,0
DA:54,0
DA:55,0
DA:60,0
DA:61,0
DA:63,0
DA:65,0
DA:67,0
DA:73,0
DA:84,0
DA:91,0
DA:92,0
DA:93,0
DA:94,0
DA:96,0
DA:97,0
DA:101,0
LF:39
LH:0
BRDA:48,0,0,0
BRDA:48,0,1,0
BRDA:49,1,0,0
BRDA:49,1,1,0
BRDA:49,2,0,0
BRDA:49,2,1,0
BRF:6
BRH:0
end_of_record
TN:
SF:src\lambda-code\QSaccess\generateDashboardUrl.js
FN:3,(anonymous_0)
FNF:1
FNH:0
FNDA:0,(anonymous_0)
DA:1,0
DA:3,0
DA:4,0
DA:5,0
DA:6,0
DA:9,0
DA:10,0
DA:13,0
DA:14,0
DA:16,0
DA:24,0
DA:26,0
LF:12
LH:0
BRF:0
BRH:0
end_of_record
TN:
SF:src\lambda-code\onboarding\getEnv.js
FN:1,(anonymous_0)
FNF:1
FNH:0
FNDA:0,(anonymous_0)
DA:1,0
DA:10,0
LF:2
LH:0
BRF:0
BRH:0
end_of_record
TN:
SF:src\lambda-code\onboarding\quicksightOnboarding.js
FN:4,(anonymous_0)
FNF:1
FNH:0
FNDA:0,(anonymous_0)
DA:1,0
DA:2,0
DA:4,0
DA:5,0
DA:6,0
DA:7,0
DA:9,0
DA:12,0
LF:8
LH:0
BRF:0
BRH:0
end_of_record
TN:
SF:src\lambda-code\onboarding\helpers\createDashboard\createDashboard.js
FN:22,createQSDashboard
FNF:1
FNH:0
FNDA:0,createQSDashboard
DA:7,0
DA:9,0
DA:11,0
DA:12,0
DA:13,0
DA:14,0
DA:16,0
DA:17,0
DA:18,0
DA:19,0
DA:20,0
DA:23,0
DA:25,0
DA:26,0
DA:28,0
DA:29,0
DA:32,0
DA:33,0
DA:36,0
DA:44,0
DA:65,0
DA:84,0
DA:116,0
DA:162,0
DA:172,0
DA:173,0
DA:174,0
DA:175,0
DA:176,0
DA:177,0
DA:180,0
DA:183,0
LF:32
LH:0
BRF:0
BRH:0
end_of_record
TN:
SF:src\lambda-code\onboarding\helpers\createDashboard\createResource.js
FN:13,createQuickSightResource
FN:14,(anonymous_1)
FN:63,waitForQuickSightOperation
FN:97,(anonymous_3)
FN:106,(anonymous_4)
FNF:5
FNH:0
FNDA:0,createQuickSightResource
FNDA:0,(anonymous_1)
FNDA:0,waitForQuickSightOperation
FNDA:0,(anonymous_3)
FNDA:0,(anonymous_4)
DA:7,0
DA:9,0
DA:11,0
DA:14,0
DA:15,0
DA:17,0
DA:18,0
DA:20,0
DA:22,0
DA:26,0
DA:28,0
DA:29,0
DA:31,0
DA:32,0
DA:34,0
DA:35,0
DA:37,0
DA:38,0
DA:40,0
DA:42,0
DA:49,0
DA:50,0
DA:52,0
DA:53,0
DA:55,0
DA:56,0
DA:61,0
DA:70,0
DA:71,0
DA:75,0
DA:77,0
DA:78,0
DA:79,0
DA:81,0
DA:82,0
DA:83,0
DA:85,0
DA:86,0
DA:87,0
DA:89,0
DA:90,0
DA:91,0
DA:93,0
DA:96,0
DA:97,0
DA:99,0
DA:100,0
DA:101,0
DA:102,0
DA:105,0
DA:106,0
DA:109,0
LF:52
LH:0
BRDA:20,0,0,0
BRDA:20,0,1,0
BRDA:26,1,0,0
BRDA:26,1,1,0
BRDA:26,1,2,0
BRDA:26,1,3,0
BRDA:26,1,4,0
BRDA:49,2,0,0
BRDA:49,2,1,0
BRDA:52,3,0,0
BRDA:52,3,1,0
BRDA:52,4,0,0
BRDA:52,4,1,0
BRDA:67,5,0,0
BRDA:68,6,0,0
BRDA:75,7,0,0
BRDA:75,7,1,0
BRDA:75,7,2,0
BRDA:75,7,3,0
BRDA:75,7,4,0
BRDA:99,8,0,0
BRDA:99,8,1,0
BRDA:101,9,0,0
BRDA:101,9,1,0
BRDA:101,10,0,0
BRDA:101,10,1,0
BRF:26
BRH:0
end_of_record
TN:
SF:src\lambda-code\onboarding\helpers\createTenant\createRoleMapping.js
FN:11,createRoleMapping
FN:26,(anonymous_1)
FNF:2
FNH:2
FNDA:6,createRoleMapping
FNDA:1,(anonymous_1)
DA:5,1
DA:7,1
DA:9,1
DA:12,6
DA:15,6
DA:18,6
DA:19,5
DA:22,5
DA:23,5
DA:26,5
DA:27,1
DA:33,5
DA:34,1
DA:35,1
DA:39,4
DA:47,4
DA:56,4
DA:64,4
DA:65,4
DA:66,4
DA:67,1
DA:69,3
DA:70,3
DA:71,0
DA:72,0
DA:73,3
DA:74,1
DA:75,1
DA:76,2
DA:77,1
DA:78,1
DA:80,1
DA:81,1
DA:86,1
LF:34
LH:32
BRDA:19,0,0,5
BRDA:19,0,1,0
BRDA:23,1,0,5
BRDA:23,1,1,4
BRDA:27,2,0,1
BRDA:27,2,1,1
BRDA:27,2,2,1
BRDA:27,2,3,1
BRDA:33,3,0,1
BRDA:33,3,1,4
BRDA:70,4,0,0
BRDA:70,4,1,3
BRDA:73,5,0,1
BRDA:73,5,1,2
BRDA:76,6,0,1
BRDA:76,6,1,1
BRF:16
BRH:14
end_of_record
TN:
SF:src\lambda-code\onboarding\helpers\createTenant\createTenant.js
FN:4,createTenant
FNF:1
FNH:0
FNDA:0,createTenant
DA:1,0
DA:2,0
DA:5,0
DA:6,0
DA:7,0
DA:8,0
DA:11,0
LF:7
LH:0
BRF:0
BRH:0
end_of_record
TN:
SF:src\lambda-code\onboarding\helpers\createTenant\createTenantRole.js
FN:12,createTenantRole
FN:89,waitForRoleCreation
FN:99,(anonymous_2)
FNF:3
FNH:0
FNDA:0,createTenantRole
FNDA:0,waitForRoleCreation
FNDA:0,(anonymous_2)
DA:6,0
DA:8,0
DA:10,0
DA:13,0
DA:15,0
DA:34,0
DA:35,0
DA:52,0
DA:53,0
DA:59,0
DA:60,0
DA:61,0
DA:63,0
DA:66,0
DA:71,0
DA:73,0
DA:74,0
DA:75,0
DA:77,0
DA:78,0
DA:79,0
DA:81,0
DA:82,0
DA:87,0
DA:90,0
DA:91,0
DA:92,0
DA:93,0
DA:94,0
DA:95,0
DA:97,0
DA:98,0
DA:99,0
DA:100,0
DA:101,0
DA:102,0
DA:104,0
DA:108,0
LF:38
LH:0
BRDA:77,0,0,0
BRDA:77,0,1,0
BRDA:89,1,0,0
BRDA:89,2,0,0
BRDA:97,3,0,0
BRDA:97,3,1,0
BRDA:100,4,0,0
BRDA:100,4,1,0
BRF:8
BRH:0
end_of_record
TN:
SF:src\lib\auth_stack.ts
FN:11,(anonymous_0)
FNF:1
FNH:0
FNDA:0,(anonymous_0)
DA:1,0
DA:8,0
DA:10,0
DA:18,0
DA:21,0
DA:31,0
DA:40,0
DA:59,0
DA:64,0
DA:73,0
DA:81,0
DA:82,0
DA:87,0
LF:13
LH:0
BRF:0
BRH:0
end_of_record
TN:
SF:src\lib\cognito_stack.ts
FN:14,(anonymous_0)
FNF:1
FNH:0
FNDA:0,(anonymous_0)
DA:1,0
DA:6,0
DA:8,0
DA:15,0
DA:18,0
DA:42,0
DA:48,0
DA:73,0
DA:75,0
DA:81,0
DA:96,0
DA:102,0
DA:118,0
DA:131,0
DA:139,0
DA:140,0
DA:141,0
DA:142,0
LF:18
LH:0
BRF:0
BRH:0
end_of_record
TN:
SF:src\lib\onboarding_stack.ts
FN:13,(anonymous_0)
FNF:1
FNH:0
FNDA:0,(anonymous_0)
DA:1,0
DA:9,0
DA:11,0
DA:21,0
DA:24,0
DA:31,0
DA:38,0
DA:59,0
DA:69,0
DA:90,0
DA:102,0
DA:113,0
DA:126,0
DA:144,0
DA:146,0
DA:150,0
LF:16
LH:0
BRF:0
BRH:0
end_of_record
